<?xml version="1.0" encoding="UTF-8"?>
<testng-results ignored="0" total="82" passed="51" failed="31" skipped="0">
  <reporter-output>
  </reporter-output>
  <suite started-at="2021-12-29T18:11:03 MSK" name="Command line suite" finished-at="2021-12-29T18:12:54 MSK" duration-ms="110975">
    <groups>
    </groups>
    <test started-at="2021-12-29T18:11:03 MSK" name="Command line test" finished-at="2021-12-29T18:12:54 MSK" duration-ms="110975">
      <class name="WrongGetPostTest">
        <test-method signature="getPostWithPageEqual0()[pri:0, instance:WrongGetPostTest@65c17e38]" started-at="2021-12-29T18:12:13 MSK" name="getPostWithPageEqual0" finished-at="2021-12-29T18:12:13 MSK" duration-ms="189" status="FAIL">
          <exception class="java.lang.NullPointerException">
            <message>
              <![CDATA[Cannot invoke "java.util.List.contains(Object)" because "codes" is null]]>
            </message>
            <full-stacktrace>
              <![CDATA[java.lang.NullPointerException: Cannot invoke "java.util.List.contains(Object)" because "codes" is null
at WrongGetPostTest.getPostWithPageEqual0(WrongGetPostTest.java:77)
at java.base/jdk.internal.reflect.NativeMethodAccessorImpl.invoke0(Native Method)
at java.base/jdk.internal.reflect.NativeMethodAccessorImpl.invoke(NativeMethodAccessorImpl.java:77)
at java.base/jdk.internal.reflect.DelegatingMethodAccessorImpl.invoke(DelegatingMethodAccessorImpl.java:43)
at java.base/java.lang.reflect.Method.invoke(Method.java:568)
at org.testng.internal.MethodInvocationHelper.invokeMethod(MethodInvocationHelper.java:133)
at org.testng.internal.TestInvoker.invokeMethod(TestInvoker.java:598)
at org.testng.internal.TestInvoker.invokeTestMethod(TestInvoker.java:173)
at org.testng.internal.MethodRunner.runInSequence(MethodRunner.java:46)
at org.testng.internal.TestInvoker$MethodInvocationAgent.invoke(TestInvoker.java:824)
at org.testng.internal.TestInvoker.invokeTestMethods(TestInvoker.java:146)
at org.testng.internal.TestMethodWorker.invokeTestMethods(TestMethodWorker.java:146)
at org.testng.internal.TestMethodWorker.run(TestMethodWorker.java:128)
at java.base/java.util.ArrayList.forEach(ArrayList.java:1511)
at org.testng.TestRunner.privateRun(TestRunner.java:794)
at org.testng.TestRunner.run(TestRunner.java:596)
at org.testng.SuiteRunner.runTest(SuiteRunner.java:377)
at org.testng.SuiteRunner.runSequentially(SuiteRunner.java:371)
at org.testng.SuiteRunner.privateRun(SuiteRunner.java:332)
at org.testng.SuiteRunner.run(SuiteRunner.java:276)
at org.testng.SuiteRunnerWorker.runSuite(SuiteRunnerWorker.java:53)
at org.testng.SuiteRunnerWorker.run(SuiteRunnerWorker.java:96)
at org.testng.TestNG.runSuitesSequentially(TestNG.java:1212)
at org.testng.TestNG.runSuitesLocally(TestNG.java:1134)
at org.testng.TestNG.runSuites(TestNG.java:1063)
at org.testng.TestNG.run(TestNG.java:1031)
at org.apache.maven.surefire.testng.TestNGExecutor.run(TestNGExecutor.java:77)
at org.apache.maven.surefire.testng.TestNGDirectoryTestSuite.executeMulti(TestNGDirectoryTestSuite.java:159)
at org.apache.maven.surefire.testng.TestNGDirectoryTestSuite.execute(TestNGDirectoryTestSuite.java:99)
at org.apache.maven.surefire.testng.TestNGProvider.invoke(TestNGProvider.java:106)
at java.base/jdk.internal.reflect.NativeMethodAccessorImpl.invoke0(Native Method)
at java.base/jdk.internal.reflect.NativeMethodAccessorImpl.invoke(NativeMethodAccessorImpl.java:77)
at java.base/jdk.internal.reflect.DelegatingMethodAccessorImpl.invoke(DelegatingMethodAccessorImpl.java:43)
at java.base/java.lang.reflect.Method.invoke(Method.java:568)
at org.apache.maven.surefire.util.ReflectionUtils.invokeMethodWithArray(ReflectionUtils.java:189)
at org.apache.maven.surefire.booter.ProviderFactory$ProviderProxy.invoke(ProviderFactory.java:165)
at org.apache.maven.surefire.booter.ProviderFactory.invokeProvider(ProviderFactory.java:85)
at org.apache.maven.surefire.booter.ForkedBooter.runSuitesInProcess(ForkedBooter.java:115)
at org.apache.maven.surefire.booter.ForkedBooter.main(ForkedBooter.java:75)
]]>
            </full-stacktrace>
          </exception> <!-- java.lang.NullPointerException -->
          <reporter-output>
          </reporter-output>
        </test-method> <!-- getPostWithPageEqual0 -->
        <test-method signature="getPostWithPerPageEqual0()[pri:0, instance:WrongGetPostTest@65c17e38]" started-at="2021-12-29T18:12:13 MSK" name="getPostWithPerPageEqual0" finished-at="2021-12-29T18:12:13 MSK" duration-ms="187" status="FAIL">
          <exception class="java.lang.NullPointerException">
            <message>
              <![CDATA[Cannot invoke "java.util.List.contains(Object)" because "codes" is null]]>
            </message>
            <full-stacktrace>
              <![CDATA[java.lang.NullPointerException: Cannot invoke "java.util.List.contains(Object)" because "codes" is null
at WrongGetPostTest.getPostWithPerPageEqual0(WrongGetPostTest.java:99)
at java.base/jdk.internal.reflect.NativeMethodAccessorImpl.invoke0(Native Method)
at java.base/jdk.internal.reflect.NativeMethodAccessorImpl.invoke(NativeMethodAccessorImpl.java:77)
at java.base/jdk.internal.reflect.DelegatingMethodAccessorImpl.invoke(DelegatingMethodAccessorImpl.java:43)
at java.base/java.lang.reflect.Method.invoke(Method.java:568)
at org.testng.internal.MethodInvocationHelper.invokeMethod(MethodInvocationHelper.java:133)
at org.testng.internal.TestInvoker.invokeMethod(TestInvoker.java:598)
at org.testng.internal.TestInvoker.invokeTestMethod(TestInvoker.java:173)
at org.testng.internal.MethodRunner.runInSequence(MethodRunner.java:46)
at org.testng.internal.TestInvoker$MethodInvocationAgent.invoke(TestInvoker.java:824)
at org.testng.internal.TestInvoker.invokeTestMethods(TestInvoker.java:146)
at org.testng.internal.TestMethodWorker.invokeTestMethods(TestMethodWorker.java:146)
at org.testng.internal.TestMethodWorker.run(TestMethodWorker.java:128)
at java.base/java.util.ArrayList.forEach(ArrayList.java:1511)
at org.testng.TestRunner.privateRun(TestRunner.java:794)
at org.testng.TestRunner.run(TestRunner.java:596)
at org.testng.SuiteRunner.runTest(SuiteRunner.java:377)
at org.testng.SuiteRunner.runSequentially(SuiteRunner.java:371)
at org.testng.SuiteRunner.privateRun(SuiteRunner.java:332)
at org.testng.SuiteRunner.run(SuiteRunner.java:276)
at org.testng.SuiteRunnerWorker.runSuite(SuiteRunnerWorker.java:53)
at org.testng.SuiteRunnerWorker.run(SuiteRunnerWorker.java:96)
at org.testng.TestNG.runSuitesSequentially(TestNG.java:1212)
at org.testng.TestNG.runSuitesLocally(TestNG.java:1134)
at org.testng.TestNG.runSuites(TestNG.java:1063)
at org.testng.TestNG.run(TestNG.java:1031)
at org.apache.maven.surefire.testng.TestNGExecutor.run(TestNGExecutor.java:77)
at org.apache.maven.surefire.testng.TestNGDirectoryTestSuite.executeMulti(TestNGDirectoryTestSuite.java:159)
at org.apache.maven.surefire.testng.TestNGDirectoryTestSuite.execute(TestNGDirectoryTestSuite.java:99)
at org.apache.maven.surefire.testng.TestNGProvider.invoke(TestNGProvider.java:106)
at java.base/jdk.internal.reflect.NativeMethodAccessorImpl.invoke0(Native Method)
at java.base/jdk.internal.reflect.NativeMethodAccessorImpl.invoke(NativeMethodAccessorImpl.java:77)
at java.base/jdk.internal.reflect.DelegatingMethodAccessorImpl.invoke(DelegatingMethodAccessorImpl.java:43)
at java.base/java.lang.reflect.Method.invoke(Method.java:568)
at org.apache.maven.surefire.util.ReflectionUtils.invokeMethodWithArray(ReflectionUtils.java:189)
at org.apache.maven.surefire.booter.ProviderFactory$ProviderProxy.invoke(ProviderFactory.java:165)
at org.apache.maven.surefire.booter.ProviderFactory.invokeProvider(ProviderFactory.java:85)
at org.apache.maven.surefire.booter.ForkedBooter.runSuitesInProcess(ForkedBooter.java:115)
at org.apache.maven.surefire.booter.ForkedBooter.main(ForkedBooter.java:75)
]]>
            </full-stacktrace>
          </exception> <!-- java.lang.NullPointerException -->
          <reporter-output>
          </reporter-output>
        </test-method> <!-- getPostWithPerPageEqual0 -->
        <test-method signature="getPostWithoutPage()[pri:0, instance:WrongGetPostTest@65c17e38]" started-at="2021-12-29T18:12:13 MSK" name="getPostWithoutPage" finished-at="2021-12-29T18:12:13 MSK" duration-ms="185" status="FAIL">
          <exception class="java.lang.AssertionError">
            <message>
              <![CDATA[The following asserts failed:
Wrong "success" expected [true] but found [false],
Wrong "success" expected [true] but found [false],
"codes" does not contain correct error code expected [true] but found [false]]]>
            </message>
            <full-stacktrace>
              <![CDATA[java.lang.AssertionError: The following asserts failed:
Wrong "success" expected [true] but found [false],
Wrong "success" expected [true] but found [false],
"codes" does not contain correct error code expected [true] but found [false]
at org.testng.asserts.SoftAssert.assertAll(SoftAssert.java:47)
at org.testng.asserts.SoftAssert.assertAll(SoftAssert.java:31)
at WrongGetPostTest.getPostWithoutPage(WrongGetPostTest.java:36)
at java.base/jdk.internal.reflect.NativeMethodAccessorImpl.invoke0(Native Method)
at java.base/jdk.internal.reflect.NativeMethodAccessorImpl.invoke(NativeMethodAccessorImpl.java:77)
at java.base/jdk.internal.reflect.DelegatingMethodAccessorImpl.invoke(DelegatingMethodAccessorImpl.java:43)
at java.base/java.lang.reflect.Method.invoke(Method.java:568)
at org.testng.internal.MethodInvocationHelper.invokeMethod(MethodInvocationHelper.java:133)
at org.testng.internal.TestInvoker.invokeMethod(TestInvoker.java:598)
at org.testng.internal.TestInvoker.invokeTestMethod(TestInvoker.java:173)
at org.testng.internal.MethodRunner.runInSequence(MethodRunner.java:46)
at org.testng.internal.TestInvoker$MethodInvocationAgent.invoke(TestInvoker.java:824)
at org.testng.internal.TestInvoker.invokeTestMethods(TestInvoker.java:146)
at org.testng.internal.TestMethodWorker.invokeTestMethods(TestMethodWorker.java:146)
at org.testng.internal.TestMethodWorker.run(TestMethodWorker.java:128)
at java.base/java.util.ArrayList.forEach(ArrayList.java:1511)
at org.testng.TestRunner.privateRun(TestRunner.java:794)
at org.testng.TestRunner.run(TestRunner.java:596)
at org.testng.SuiteRunner.runTest(SuiteRunner.java:377)
at org.testng.SuiteRunner.runSequentially(SuiteRunner.java:371)
at org.testng.SuiteRunner.privateRun(SuiteRunner.java:332)
at org.testng.SuiteRunner.run(SuiteRunner.java:276)
at org.testng.SuiteRunnerWorker.runSuite(SuiteRunnerWorker.java:53)
at org.testng.SuiteRunnerWorker.run(SuiteRunnerWorker.java:96)
at org.testng.TestNG.runSuitesSequentially(TestNG.java:1212)
at org.testng.TestNG.runSuitesLocally(TestNG.java:1134)
at org.testng.TestNG.runSuites(TestNG.java:1063)
at org.testng.TestNG.run(TestNG.java:1031)
at org.apache.maven.surefire.testng.TestNGExecutor.run(TestNGExecutor.java:77)
at org.apache.maven.surefire.testng.TestNGDirectoryTestSuite.executeMulti(TestNGDirectoryTestSuite.java:159)
at org.apache.maven.surefire.testng.TestNGDirectoryTestSuite.execute(TestNGDirectoryTestSuite.java:99)
at org.apache.maven.surefire.testng.TestNGProvider.invoke(TestNGProvider.java:106)
at java.base/jdk.internal.reflect.NativeMethodAccessorImpl.invoke0(Native Method)
at java.base/jdk.internal.reflect.NativeMethodAccessorImpl.invoke(NativeMethodAccessorImpl.java:77)
at java.base/jdk.internal.reflect.DelegatingMethodAccessorImpl.invoke(DelegatingMethodAccessorImpl.java:43)
at java.base/java.lang.reflect.Method.invoke(Method.java:568)
at org.apache.maven.surefire.util.ReflectionUtils.invokeMethodWithArray(ReflectionUtils.java:189)
at org.apache.maven.surefire.booter.ProviderFactory$ProviderProxy.invoke(ProviderFactory.java:165)
at org.apache.maven.surefire.booter.ProviderFactory.invokeProvider(ProviderFactory.java:85)
at org.apache.maven.surefire.booter.ForkedBooter.runSuitesInProcess(ForkedBooter.java:115)
at org.apache.maven.surefire.booter.ForkedBooter.main(ForkedBooter.java:75)
]]>
            </full-stacktrace>
          </exception> <!-- java.lang.AssertionError -->
          <reporter-output>
          </reporter-output>
        </test-method> <!-- getPostWithoutPage -->
        <test-method signature="getPostWithoutPerPage()[pri:0, instance:WrongGetPostTest@65c17e38]" started-at="2021-12-29T18:12:13 MSK" name="getPostWithoutPerPage" finished-at="2021-12-29T18:12:13 MSK" duration-ms="179" status="FAIL">
          <exception class="java.lang.AssertionError">
            <message>
              <![CDATA[The following asserts failed:
Wrong "success" expected [true] but found [false],
Wrong "success" expected [true] but found [false],
"codes" does not contain correct error code expected [true] but found [false],
"codes" does not contain correct error code expected [true] but found [false]]]>
            </message>
            <full-stacktrace>
              <![CDATA[java.lang.AssertionError: The following asserts failed:
Wrong "success" expected [true] but found [false],
Wrong "success" expected [true] but found [false],
"codes" does not contain correct error code expected [true] but found [false],
"codes" does not contain correct error code expected [true] but found [false]
at org.testng.asserts.SoftAssert.assertAll(SoftAssert.java:47)
at org.testng.asserts.SoftAssert.assertAll(SoftAssert.java:31)
at WrongGetPostTest.getPostWithoutPerPage(WrongGetPostTest.java:57)
at java.base/jdk.internal.reflect.NativeMethodAccessorImpl.invoke0(Native Method)
at java.base/jdk.internal.reflect.NativeMethodAccessorImpl.invoke(NativeMethodAccessorImpl.java:77)
at java.base/jdk.internal.reflect.DelegatingMethodAccessorImpl.invoke(DelegatingMethodAccessorImpl.java:43)
at java.base/java.lang.reflect.Method.invoke(Method.java:568)
at org.testng.internal.MethodInvocationHelper.invokeMethod(MethodInvocationHelper.java:133)
at org.testng.internal.TestInvoker.invokeMethod(TestInvoker.java:598)
at org.testng.internal.TestInvoker.invokeTestMethod(TestInvoker.java:173)
at org.testng.internal.MethodRunner.runInSequence(MethodRunner.java:46)
at org.testng.internal.TestInvoker$MethodInvocationAgent.invoke(TestInvoker.java:824)
at org.testng.internal.TestInvoker.invokeTestMethods(TestInvoker.java:146)
at org.testng.internal.TestMethodWorker.invokeTestMethods(TestMethodWorker.java:146)
at org.testng.internal.TestMethodWorker.run(TestMethodWorker.java:128)
at java.base/java.util.ArrayList.forEach(ArrayList.java:1511)
at org.testng.TestRunner.privateRun(TestRunner.java:794)
at org.testng.TestRunner.run(TestRunner.java:596)
at org.testng.SuiteRunner.runTest(SuiteRunner.java:377)
at org.testng.SuiteRunner.runSequentially(SuiteRunner.java:371)
at org.testng.SuiteRunner.privateRun(SuiteRunner.java:332)
at org.testng.SuiteRunner.run(SuiteRunner.java:276)
at org.testng.SuiteRunnerWorker.runSuite(SuiteRunnerWorker.java:53)
at org.testng.SuiteRunnerWorker.run(SuiteRunnerWorker.java:96)
at org.testng.TestNG.runSuitesSequentially(TestNG.java:1212)
at org.testng.TestNG.runSuitesLocally(TestNG.java:1134)
at org.testng.TestNG.runSuites(TestNG.java:1063)
at org.testng.TestNG.run(TestNG.java:1031)
at org.apache.maven.surefire.testng.TestNGExecutor.run(TestNGExecutor.java:77)
at org.apache.maven.surefire.testng.TestNGDirectoryTestSuite.executeMulti(TestNGDirectoryTestSuite.java:159)
at org.apache.maven.surefire.testng.TestNGDirectoryTestSuite.execute(TestNGDirectoryTestSuite.java:99)
at org.apache.maven.surefire.testng.TestNGProvider.invoke(TestNGProvider.java:106)
at java.base/jdk.internal.reflect.NativeMethodAccessorImpl.invoke0(Native Method)
at java.base/jdk.internal.reflect.NativeMethodAccessorImpl.invoke(NativeMethodAccessorImpl.java:77)
at java.base/jdk.internal.reflect.DelegatingMethodAccessorImpl.invoke(DelegatingMethodAccessorImpl.java:43)
at java.base/java.lang.reflect.Method.invoke(Method.java:568)
at org.apache.maven.surefire.util.ReflectionUtils.invokeMethodWithArray(ReflectionUtils.java:189)
at org.apache.maven.surefire.booter.ProviderFactory$ProviderProxy.invoke(ProviderFactory.java:165)
at org.apache.maven.surefire.booter.ProviderFactory.invokeProvider(ProviderFactory.java:85)
at org.apache.maven.surefire.booter.ForkedBooter.runSuitesInProcess(ForkedBooter.java:115)
at org.apache.maven.surefire.booter.ForkedBooter.main(ForkedBooter.java:75)
]]>
            </full-stacktrace>
          </exception> <!-- java.lang.AssertionError -->
          <reporter-output>
          </reporter-output>
        </test-method> <!-- getPostWithoutPerPage -->
      </class> <!-- WrongGetPostTest -->
      <class name="WrongUploadFileTest">
        <test-method signature="uploadFileWithNonFormDataTest()[pri:0, instance:WrongUploadFileTest@6b63abdc]" started-at="2021-12-29T18:12:15 MSK" name="uploadFileWithNonFormDataTest" finished-at="2021-12-29T18:12:16 MSK" duration-ms="198" status="PASS">
          <reporter-output>
          </reporter-output>
        </test-method> <!-- uploadFileWithNonFormDataTest -->
      </class> <!-- WrongUploadFileTest -->
      <class name="ChangePostTest">
        <test-method is-config="true" signature="reg()[pri:0, instance:ChangePostTest@551be9f6]" started-at="2021-12-29T18:12:24 MSK" name="reg" finished-at="2021-12-29T18:12:24 MSK" duration-ms="283" status="PASS">
          <reporter-output>
          </reporter-output>
        </test-method> <!-- reg -->
        <test-method signature="changePostTest()[pri:0, instance:ChangePostTest@551be9f6]" started-at="2021-12-29T18:12:24 MSK" name="changePostTest" finished-at="2021-12-29T18:12:25 MSK" duration-ms="949" status="PASS">
          <reporter-output>
          </reporter-output>
        </test-method> <!-- changePostTest -->
        <test-method is-config="true" signature="delete()[pri:0, instance:ChangePostTest@551be9f6]" started-at="2021-12-29T18:12:25 MSK" name="delete" finished-at="2021-12-29T18:12:25 MSK" duration-ms="172" status="PASS">
          <reporter-output>
          </reporter-output>
        </test-method> <!-- delete -->
      </class> <!-- ChangePostTest -->
      <class name="SuccessRegistrationTest">
        <test-method signature="registrationTest()[pri:0, instance:SuccessRegistrationTest@2801827a]" started-at="2021-12-29T18:12:35 MSK" name="registrationTest" finished-at="2021-12-29T18:12:36 MSK" duration-ms="481" status="PASS">
          <reporter-output>
          </reporter-output>
        </test-method> <!-- registrationTest -->
      </class> <!-- SuccessRegistrationTest -->
      <class name="WrongCreatePostTest">
        <test-method is-config="true" signature="reg()[pri:0, instance:WrongCreatePostTest@580fd26b]" started-at="2021-12-29T18:11:03 MSK" name="reg" finished-at="2021-12-29T18:11:04 MSK" duration-ms="614" status="PASS">
          <reporter-output>
          </reporter-output>
        </test-method> <!-- reg -->
        <test-method signature="createPostWithEmptyDescription()[pri:0, instance:WrongCreatePostTest@580fd26b]" started-at="2021-12-29T18:11:04 MSK" name="createPostWithEmptyDescription" finished-at="2021-12-29T18:11:09 MSK" duration-ms="5269" status="PASS">
          <reporter-output>
          </reporter-output>
        </test-method> <!-- createPostWithEmptyDescription -->
        <test-method is-config="true" signature="delete()[pri:0, instance:WrongCreatePostTest@580fd26b]" started-at="2021-12-29T18:11:09 MSK" name="delete" finished-at="2021-12-29T18:11:10 MSK" duration-ms="187" status="PASS">
          <reporter-output>
          </reporter-output>
        </test-method> <!-- delete -->
        <test-method is-config="true" signature="reg()[pri:0, instance:WrongCreatePostTest@580fd26b]" started-at="2021-12-29T18:11:10 MSK" name="reg" finished-at="2021-12-29T18:11:10 MSK" duration-ms="286" status="PASS">
          <reporter-output>
          </reporter-output>
        </test-method> <!-- reg -->
        <test-method signature="createPostWithEmptyImage()[pri:0, instance:WrongCreatePostTest@580fd26b]" started-at="2021-12-29T18:11:10 MSK" name="createPostWithEmptyImage" finished-at="2021-12-29T18:11:10 MSK" duration-ms="200" status="FAIL">
          <exception class="java.lang.AssertionError">
            <message>
              <![CDATA[The following asserts failed:
"codes" does not contain correct error code expected [true] but found [false]]]>
            </message>
            <full-stacktrace>
              <![CDATA[java.lang.AssertionError: The following asserts failed:
"codes" does not contain correct error code expected [true] but found [false]
at org.testng.asserts.SoftAssert.assertAll(SoftAssert.java:47)
at org.testng.asserts.SoftAssert.assertAll(SoftAssert.java:31)
at WrongCreatePostTest.createPostWithEmptyImage(WrongCreatePostTest.java:102)
at java.base/jdk.internal.reflect.NativeMethodAccessorImpl.invoke0(Native Method)
at java.base/jdk.internal.reflect.NativeMethodAccessorImpl.invoke(NativeMethodAccessorImpl.java:77)
at java.base/jdk.internal.reflect.DelegatingMethodAccessorImpl.invoke(DelegatingMethodAccessorImpl.java:43)
at java.base/java.lang.reflect.Method.invoke(Method.java:568)
at org.testng.internal.MethodInvocationHelper.invokeMethod(MethodInvocationHelper.java:133)
at org.testng.internal.TestInvoker.invokeMethod(TestInvoker.java:598)
at org.testng.internal.TestInvoker.invokeTestMethod(TestInvoker.java:173)
at org.testng.internal.MethodRunner.runInSequence(MethodRunner.java:46)
at org.testng.internal.TestInvoker$MethodInvocationAgent.invoke(TestInvoker.java:824)
at org.testng.internal.TestInvoker.invokeTestMethods(TestInvoker.java:146)
at org.testng.internal.TestMethodWorker.invokeTestMethods(TestMethodWorker.java:146)
at org.testng.internal.TestMethodWorker.run(TestMethodWorker.java:128)
at java.base/java.util.ArrayList.forEach(ArrayList.java:1511)
at org.testng.TestRunner.privateRun(TestRunner.java:794)
at org.testng.TestRunner.run(TestRunner.java:596)
at org.testng.SuiteRunner.runTest(SuiteRunner.java:377)
at org.testng.SuiteRunner.runSequentially(SuiteRunner.java:371)
at org.testng.SuiteRunner.privateRun(SuiteRunner.java:332)
at org.testng.SuiteRunner.run(SuiteRunner.java:276)
at org.testng.SuiteRunnerWorker.runSuite(SuiteRunnerWorker.java:53)
at org.testng.SuiteRunnerWorker.run(SuiteRunnerWorker.java:96)
at org.testng.TestNG.runSuitesSequentially(TestNG.java:1212)
at org.testng.TestNG.runSuitesLocally(TestNG.java:1134)
at org.testng.TestNG.runSuites(TestNG.java:1063)
at org.testng.TestNG.run(TestNG.java:1031)
at org.apache.maven.surefire.testng.TestNGExecutor.run(TestNGExecutor.java:77)
at org.apache.maven.surefire.testng.TestNGDirectoryTestSuite.executeMulti(TestNGDirectoryTestSuite.java:159)
at org.apache.maven.surefire.testng.TestNGDirectoryTestSuite.execute(TestNGDirectoryTestSuite.java:99)
at org.apache.maven.surefire.testng.TestNGProvider.invoke(TestNGProvider.java:106)
at java.base/jdk.internal.reflect.NativeMethodAccessorImpl.invoke0(Native Method)
at java.base/jdk.internal.reflect.NativeMethodAccessorImpl.invoke(NativeMethodAccessorImpl.java:77)
at java.base/jdk.internal.reflect.DelegatingMethodAccessorImpl.invoke(DelegatingMethodAccessorImpl.java:43)
at java.base/java.lang.reflect.Method.invoke(Method.java:568)
at org.apache.maven.surefire.util.ReflectionUtils.invokeMethodWithArray(ReflectionUtils.java:189)
at org.apache.maven.surefire.booter.ProviderFactory$ProviderProxy.invoke(ProviderFactory.java:165)
at org.apache.maven.surefire.booter.ProviderFactory.invokeProvider(ProviderFactory.java:85)
at org.apache.maven.surefire.booter.ForkedBooter.runSuitesInProcess(ForkedBooter.java:115)
at org.apache.maven.surefire.booter.ForkedBooter.main(ForkedBooter.java:75)
]]>
            </full-stacktrace>
          </exception> <!-- java.lang.AssertionError -->
          <reporter-output>
          </reporter-output>
        </test-method> <!-- createPostWithEmptyImage -->
        <test-method is-config="true" signature="delete()[pri:0, instance:WrongCreatePostTest@580fd26b]" started-at="2021-12-29T18:11:10 MSK" name="delete" finished-at="2021-12-29T18:11:10 MSK" duration-ms="179" status="PASS">
          <reporter-output>
          </reporter-output>
        </test-method> <!-- delete -->
        <test-method is-config="true" signature="reg()[pri:0, instance:WrongCreatePostTest@580fd26b]" started-at="2021-12-29T18:11:10 MSK" name="reg" finished-at="2021-12-29T18:11:11 MSK" duration-ms="306" status="PASS">
          <reporter-output>
          </reporter-output>
        </test-method> <!-- reg -->
        <test-method signature="createPostWithEmptyTitle()[pri:0, instance:WrongCreatePostTest@580fd26b]" started-at="2021-12-29T18:11:11 MSK" name="createPostWithEmptyTitle" finished-at="2021-12-29T18:11:11 MSK" duration-ms="237" status="FAIL">
          <exception class="java.lang.AssertionError">
            <message>
              <![CDATA[The following asserts failed:
"codes" does not contain correct error code expected [true] but found [false]]]>
            </message>
            <full-stacktrace>
              <![CDATA[java.lang.AssertionError: The following asserts failed:
"codes" does not contain correct error code expected [true] but found [false]
at org.testng.asserts.SoftAssert.assertAll(SoftAssert.java:47)
at org.testng.asserts.SoftAssert.assertAll(SoftAssert.java:31)
at WrongCreatePostTest.createPostWithEmptyTitle(WrongCreatePostTest.java:83)
at java.base/jdk.internal.reflect.NativeMethodAccessorImpl.invoke0(Native Method)
at java.base/jdk.internal.reflect.NativeMethodAccessorImpl.invoke(NativeMethodAccessorImpl.java:77)
at java.base/jdk.internal.reflect.DelegatingMethodAccessorImpl.invoke(DelegatingMethodAccessorImpl.java:43)
at java.base/java.lang.reflect.Method.invoke(Method.java:568)
at org.testng.internal.MethodInvocationHelper.invokeMethod(MethodInvocationHelper.java:133)
at org.testng.internal.TestInvoker.invokeMethod(TestInvoker.java:598)
at org.testng.internal.TestInvoker.invokeTestMethod(TestInvoker.java:173)
at org.testng.internal.MethodRunner.runInSequence(MethodRunner.java:46)
at org.testng.internal.TestInvoker$MethodInvocationAgent.invoke(TestInvoker.java:824)
at org.testng.internal.TestInvoker.invokeTestMethods(TestInvoker.java:146)
at org.testng.internal.TestMethodWorker.invokeTestMethods(TestMethodWorker.java:146)
at org.testng.internal.TestMethodWorker.run(TestMethodWorker.java:128)
at java.base/java.util.ArrayList.forEach(ArrayList.java:1511)
at org.testng.TestRunner.privateRun(TestRunner.java:794)
at org.testng.TestRunner.run(TestRunner.java:596)
at org.testng.SuiteRunner.runTest(SuiteRunner.java:377)
at org.testng.SuiteRunner.runSequentially(SuiteRunner.java:371)
at org.testng.SuiteRunner.privateRun(SuiteRunner.java:332)
at org.testng.SuiteRunner.run(SuiteRunner.java:276)
at org.testng.SuiteRunnerWorker.runSuite(SuiteRunnerWorker.java:53)
at org.testng.SuiteRunnerWorker.run(SuiteRunnerWorker.java:96)
at org.testng.TestNG.runSuitesSequentially(TestNG.java:1212)
at org.testng.TestNG.runSuitesLocally(TestNG.java:1134)
at org.testng.TestNG.runSuites(TestNG.java:1063)
at org.testng.TestNG.run(TestNG.java:1031)
at org.apache.maven.surefire.testng.TestNGExecutor.run(TestNGExecutor.java:77)
at org.apache.maven.surefire.testng.TestNGDirectoryTestSuite.executeMulti(TestNGDirectoryTestSuite.java:159)
at org.apache.maven.surefire.testng.TestNGDirectoryTestSuite.execute(TestNGDirectoryTestSuite.java:99)
at org.apache.maven.surefire.testng.TestNGProvider.invoke(TestNGProvider.java:106)
at java.base/jdk.internal.reflect.NativeMethodAccessorImpl.invoke0(Native Method)
at java.base/jdk.internal.reflect.NativeMethodAccessorImpl.invoke(NativeMethodAccessorImpl.java:77)
at java.base/jdk.internal.reflect.DelegatingMethodAccessorImpl.invoke(DelegatingMethodAccessorImpl.java:43)
at java.base/java.lang.reflect.Method.invoke(Method.java:568)
at org.apache.maven.surefire.util.ReflectionUtils.invokeMethodWithArray(ReflectionUtils.java:189)
at org.apache.maven.surefire.booter.ProviderFactory$ProviderProxy.invoke(ProviderFactory.java:165)
at org.apache.maven.surefire.booter.ProviderFactory.invokeProvider(ProviderFactory.java:85)
at org.apache.maven.surefire.booter.ForkedBooter.runSuitesInProcess(ForkedBooter.java:115)
at org.apache.maven.surefire.booter.ForkedBooter.main(ForkedBooter.java:75)
]]>
            </full-stacktrace>
          </exception> <!-- java.lang.AssertionError -->
          <reporter-output>
          </reporter-output>
        </test-method> <!-- createPostWithEmptyTitle -->
        <test-method is-config="true" signature="delete()[pri:0, instance:WrongCreatePostTest@580fd26b]" started-at="2021-12-29T18:11:11 MSK" name="delete" finished-at="2021-12-29T18:11:11 MSK" duration-ms="178" status="PASS">
          <reporter-output>
          </reporter-output>
        </test-method> <!-- delete -->
        <test-method is-config="true" signature="reg()[pri:0, instance:WrongCreatePostTest@580fd26b]" started-at="2021-12-29T18:11:11 MSK" name="reg" finished-at="2021-12-29T18:11:11 MSK" duration-ms="295" status="PASS">
          <reporter-output>
          </reporter-output>
        </test-method> <!-- reg -->
        <test-method signature="createPostWithoutDescription()[pri:0, instance:WrongCreatePostTest@580fd26b]" started-at="2021-12-29T18:11:11 MSK" name="createPostWithoutDescription" finished-at="2021-12-29T18:11:11 MSK" duration-ms="199" status="FAIL">
          <exception class="java.lang.AssertionError">
            <message>
              <![CDATA[The following asserts failed:
"codes" does not contain correct error code expected [true] but found [false]]]>
            </message>
            <full-stacktrace>
              <![CDATA[java.lang.AssertionError: The following asserts failed:
"codes" does not contain correct error code expected [true] but found [false]
at org.testng.asserts.SoftAssert.assertAll(SoftAssert.java:47)
at org.testng.asserts.SoftAssert.assertAll(SoftAssert.java:31)
at WrongCreatePostTest.createPostWithoutDescription(WrongCreatePostTest.java:121)
at java.base/jdk.internal.reflect.NativeMethodAccessorImpl.invoke0(Native Method)
at java.base/jdk.internal.reflect.NativeMethodAccessorImpl.invoke(NativeMethodAccessorImpl.java:77)
at java.base/jdk.internal.reflect.DelegatingMethodAccessorImpl.invoke(DelegatingMethodAccessorImpl.java:43)
at java.base/java.lang.reflect.Method.invoke(Method.java:568)
at org.testng.internal.MethodInvocationHelper.invokeMethod(MethodInvocationHelper.java:133)
at org.testng.internal.TestInvoker.invokeMethod(TestInvoker.java:598)
at org.testng.internal.TestInvoker.invokeTestMethod(TestInvoker.java:173)
at org.testng.internal.MethodRunner.runInSequence(MethodRunner.java:46)
at org.testng.internal.TestInvoker$MethodInvocationAgent.invoke(TestInvoker.java:824)
at org.testng.internal.TestInvoker.invokeTestMethods(TestInvoker.java:146)
at org.testng.internal.TestMethodWorker.invokeTestMethods(TestMethodWorker.java:146)
at org.testng.internal.TestMethodWorker.run(TestMethodWorker.java:128)
at java.base/java.util.ArrayList.forEach(ArrayList.java:1511)
at org.testng.TestRunner.privateRun(TestRunner.java:794)
at org.testng.TestRunner.run(TestRunner.java:596)
at org.testng.SuiteRunner.runTest(SuiteRunner.java:377)
at org.testng.SuiteRunner.runSequentially(SuiteRunner.java:371)
at org.testng.SuiteRunner.privateRun(SuiteRunner.java:332)
at org.testng.SuiteRunner.run(SuiteRunner.java:276)
at org.testng.SuiteRunnerWorker.runSuite(SuiteRunnerWorker.java:53)
at org.testng.SuiteRunnerWorker.run(SuiteRunnerWorker.java:96)
at org.testng.TestNG.runSuitesSequentially(TestNG.java:1212)
at org.testng.TestNG.runSuitesLocally(TestNG.java:1134)
at org.testng.TestNG.runSuites(TestNG.java:1063)
at org.testng.TestNG.run(TestNG.java:1031)
at org.apache.maven.surefire.testng.TestNGExecutor.run(TestNGExecutor.java:77)
at org.apache.maven.surefire.testng.TestNGDirectoryTestSuite.executeMulti(TestNGDirectoryTestSuite.java:159)
at org.apache.maven.surefire.testng.TestNGDirectoryTestSuite.execute(TestNGDirectoryTestSuite.java:99)
at org.apache.maven.surefire.testng.TestNGProvider.invoke(TestNGProvider.java:106)
at java.base/jdk.internal.reflect.NativeMethodAccessorImpl.invoke0(Native Method)
at java.base/jdk.internal.reflect.NativeMethodAccessorImpl.invoke(NativeMethodAccessorImpl.java:77)
at java.base/jdk.internal.reflect.DelegatingMethodAccessorImpl.invoke(DelegatingMethodAccessorImpl.java:43)
at java.base/java.lang.reflect.Method.invoke(Method.java:568)
at org.apache.maven.surefire.util.ReflectionUtils.invokeMethodWithArray(ReflectionUtils.java:189)
at org.apache.maven.surefire.booter.ProviderFactory$ProviderProxy.invoke(ProviderFactory.java:165)
at org.apache.maven.surefire.booter.ProviderFactory.invokeProvider(ProviderFactory.java:85)
at org.apache.maven.surefire.booter.ForkedBooter.runSuitesInProcess(ForkedBooter.java:115)
at org.apache.maven.surefire.booter.ForkedBooter.main(ForkedBooter.java:75)
]]>
            </full-stacktrace>
          </exception> <!-- java.lang.AssertionError -->
          <reporter-output>
          </reporter-output>
        </test-method> <!-- createPostWithoutDescription -->
        <test-method is-config="true" signature="delete()[pri:0, instance:WrongCreatePostTest@580fd26b]" started-at="2021-12-29T18:11:11 MSK" name="delete" finished-at="2021-12-29T18:11:12 MSK" duration-ms="176" status="PASS">
          <reporter-output>
          </reporter-output>
        </test-method> <!-- delete -->
        <test-method is-config="true" signature="reg()[pri:0, instance:WrongCreatePostTest@580fd26b]" started-at="2021-12-29T18:11:12 MSK" name="reg" finished-at="2021-12-29T18:11:12 MSK" duration-ms="291" status="PASS">
          <reporter-output>
          </reporter-output>
        </test-method> <!-- reg -->
        <test-method signature="createPostWithoutImage()[pri:0, instance:WrongCreatePostTest@580fd26b]" started-at="2021-12-29T18:11:12 MSK" name="createPostWithoutImage" finished-at="2021-12-29T18:11:12 MSK" duration-ms="214" status="FAIL">
          <exception class="java.lang.AssertionError">
            <message>
              <![CDATA[The following asserts failed:
"codes" does not contain correct error code expected [true] but found [false]]]>
            </message>
            <full-stacktrace>
              <![CDATA[java.lang.AssertionError: The following asserts failed:
"codes" does not contain correct error code expected [true] but found [false]
at org.testng.asserts.SoftAssert.assertAll(SoftAssert.java:47)
at org.testng.asserts.SoftAssert.assertAll(SoftAssert.java:31)
at WrongCreatePostTest.createPostWithoutImage(WrongCreatePostTest.java:140)
at java.base/jdk.internal.reflect.NativeMethodAccessorImpl.invoke0(Native Method)
at java.base/jdk.internal.reflect.NativeMethodAccessorImpl.invoke(NativeMethodAccessorImpl.java:77)
at java.base/jdk.internal.reflect.DelegatingMethodAccessorImpl.invoke(DelegatingMethodAccessorImpl.java:43)
at java.base/java.lang.reflect.Method.invoke(Method.java:568)
at org.testng.internal.MethodInvocationHelper.invokeMethod(MethodInvocationHelper.java:133)
at org.testng.internal.TestInvoker.invokeMethod(TestInvoker.java:598)
at org.testng.internal.TestInvoker.invokeTestMethod(TestInvoker.java:173)
at org.testng.internal.MethodRunner.runInSequence(MethodRunner.java:46)
at org.testng.internal.TestInvoker$MethodInvocationAgent.invoke(TestInvoker.java:824)
at org.testng.internal.TestInvoker.invokeTestMethods(TestInvoker.java:146)
at org.testng.internal.TestMethodWorker.invokeTestMethods(TestMethodWorker.java:146)
at org.testng.internal.TestMethodWorker.run(TestMethodWorker.java:128)
at java.base/java.util.ArrayList.forEach(ArrayList.java:1511)
at org.testng.TestRunner.privateRun(TestRunner.java:794)
at org.testng.TestRunner.run(TestRunner.java:596)
at org.testng.SuiteRunner.runTest(SuiteRunner.java:377)
at org.testng.SuiteRunner.runSequentially(SuiteRunner.java:371)
at org.testng.SuiteRunner.privateRun(SuiteRunner.java:332)
at org.testng.SuiteRunner.run(SuiteRunner.java:276)
at org.testng.SuiteRunnerWorker.runSuite(SuiteRunnerWorker.java:53)
at org.testng.SuiteRunnerWorker.run(SuiteRunnerWorker.java:96)
at org.testng.TestNG.runSuitesSequentially(TestNG.java:1212)
at org.testng.TestNG.runSuitesLocally(TestNG.java:1134)
at org.testng.TestNG.runSuites(TestNG.java:1063)
at org.testng.TestNG.run(TestNG.java:1031)
at org.apache.maven.surefire.testng.TestNGExecutor.run(TestNGExecutor.java:77)
at org.apache.maven.surefire.testng.TestNGDirectoryTestSuite.executeMulti(TestNGDirectoryTestSuite.java:159)
at org.apache.maven.surefire.testng.TestNGDirectoryTestSuite.execute(TestNGDirectoryTestSuite.java:99)
at org.apache.maven.surefire.testng.TestNGProvider.invoke(TestNGProvider.java:106)
at java.base/jdk.internal.reflect.NativeMethodAccessorImpl.invoke0(Native Method)
at java.base/jdk.internal.reflect.NativeMethodAccessorImpl.invoke(NativeMethodAccessorImpl.java:77)
at java.base/jdk.internal.reflect.DelegatingMethodAccessorImpl.invoke(DelegatingMethodAccessorImpl.java:43)
at java.base/java.lang.reflect.Method.invoke(Method.java:568)
at org.apache.maven.surefire.util.ReflectionUtils.invokeMethodWithArray(ReflectionUtils.java:189)
at org.apache.maven.surefire.booter.ProviderFactory$ProviderProxy.invoke(ProviderFactory.java:165)
at org.apache.maven.surefire.booter.ProviderFactory.invokeProvider(ProviderFactory.java:85)
at org.apache.maven.surefire.booter.ForkedBooter.runSuitesInProcess(ForkedBooter.java:115)
at org.apache.maven.surefire.booter.ForkedBooter.main(ForkedBooter.java:75)
]]>
            </full-stacktrace>
          </exception> <!-- java.lang.AssertionError -->
          <reporter-output>
          </reporter-output>
        </test-method> <!-- createPostWithoutImage -->
        <test-method is-config="true" signature="delete()[pri:0, instance:WrongCreatePostTest@580fd26b]" started-at="2021-12-29T18:11:12 MSK" name="delete" finished-at="2021-12-29T18:11:12 MSK" duration-ms="171" status="PASS">
          <reporter-output>
          </reporter-output>
        </test-method> <!-- delete -->
        <test-method is-config="true" signature="reg()[pri:0, instance:WrongCreatePostTest@580fd26b]" started-at="2021-12-29T18:11:12 MSK" name="reg" finished-at="2021-12-29T18:11:13 MSK" duration-ms="289" status="PASS">
          <reporter-output>
          </reporter-output>
        </test-method> <!-- reg -->
        <test-method signature="createPostWithoutTitle()[pri:0, instance:WrongCreatePostTest@580fd26b]" started-at="2021-12-29T18:11:13 MSK" name="createPostWithoutTitle" finished-at="2021-12-29T18:11:13 MSK" duration-ms="202" status="FAIL">
          <exception class="java.lang.AssertionError">
            <message>
              <![CDATA[The following asserts failed:
"codes" does not contain correct error code expected [true] but found [false]]]>
            </message>
            <full-stacktrace>
              <![CDATA[java.lang.AssertionError: The following asserts failed:
"codes" does not contain correct error code expected [true] but found [false]
at org.testng.asserts.SoftAssert.assertAll(SoftAssert.java:47)
at org.testng.asserts.SoftAssert.assertAll(SoftAssert.java:31)
at WrongCreatePostTest.createPostWithoutTitle(WrongCreatePostTest.java:159)
at java.base/jdk.internal.reflect.NativeMethodAccessorImpl.invoke0(Native Method)
at java.base/jdk.internal.reflect.NativeMethodAccessorImpl.invoke(NativeMethodAccessorImpl.java:77)
at java.base/jdk.internal.reflect.DelegatingMethodAccessorImpl.invoke(DelegatingMethodAccessorImpl.java:43)
at java.base/java.lang.reflect.Method.invoke(Method.java:568)
at org.testng.internal.MethodInvocationHelper.invokeMethod(MethodInvocationHelper.java:133)
at org.testng.internal.TestInvoker.invokeMethod(TestInvoker.java:598)
at org.testng.internal.TestInvoker.invokeTestMethod(TestInvoker.java:173)
at org.testng.internal.MethodRunner.runInSequence(MethodRunner.java:46)
at org.testng.internal.TestInvoker$MethodInvocationAgent.invoke(TestInvoker.java:824)
at org.testng.internal.TestInvoker.invokeTestMethods(TestInvoker.java:146)
at org.testng.internal.TestMethodWorker.invokeTestMethods(TestMethodWorker.java:146)
at org.testng.internal.TestMethodWorker.run(TestMethodWorker.java:128)
at java.base/java.util.ArrayList.forEach(ArrayList.java:1511)
at org.testng.TestRunner.privateRun(TestRunner.java:794)
at org.testng.TestRunner.run(TestRunner.java:596)
at org.testng.SuiteRunner.runTest(SuiteRunner.java:377)
at org.testng.SuiteRunner.runSequentially(SuiteRunner.java:371)
at org.testng.SuiteRunner.privateRun(SuiteRunner.java:332)
at org.testng.SuiteRunner.run(SuiteRunner.java:276)
at org.testng.SuiteRunnerWorker.runSuite(SuiteRunnerWorker.java:53)
at org.testng.SuiteRunnerWorker.run(SuiteRunnerWorker.java:96)
at org.testng.TestNG.runSuitesSequentially(TestNG.java:1212)
at org.testng.TestNG.runSuitesLocally(TestNG.java:1134)
at org.testng.TestNG.runSuites(TestNG.java:1063)
at org.testng.TestNG.run(TestNG.java:1031)
at org.apache.maven.surefire.testng.TestNGExecutor.run(TestNGExecutor.java:77)
at org.apache.maven.surefire.testng.TestNGDirectoryTestSuite.executeMulti(TestNGDirectoryTestSuite.java:159)
at org.apache.maven.surefire.testng.TestNGDirectoryTestSuite.execute(TestNGDirectoryTestSuite.java:99)
at org.apache.maven.surefire.testng.TestNGProvider.invoke(TestNGProvider.java:106)
at java.base/jdk.internal.reflect.NativeMethodAccessorImpl.invoke0(Native Method)
at java.base/jdk.internal.reflect.NativeMethodAccessorImpl.invoke(NativeMethodAccessorImpl.java:77)
at java.base/jdk.internal.reflect.DelegatingMethodAccessorImpl.invoke(DelegatingMethodAccessorImpl.java:43)
at java.base/java.lang.reflect.Method.invoke(Method.java:568)
at org.apache.maven.surefire.util.ReflectionUtils.invokeMethodWithArray(ReflectionUtils.java:189)
at org.apache.maven.surefire.booter.ProviderFactory$ProviderProxy.invoke(ProviderFactory.java:165)
at org.apache.maven.surefire.booter.ProviderFactory.invokeProvider(ProviderFactory.java:85)
at org.apache.maven.surefire.booter.ForkedBooter.runSuitesInProcess(ForkedBooter.java:115)
at org.apache.maven.surefire.booter.ForkedBooter.main(ForkedBooter.java:75)
]]>
            </full-stacktrace>
          </exception> <!-- java.lang.AssertionError -->
          <reporter-output>
          </reporter-output>
        </test-method> <!-- createPostWithoutTitle -->
        <test-method is-config="true" signature="delete()[pri:0, instance:WrongCreatePostTest@580fd26b]" started-at="2021-12-29T18:11:13 MSK" name="delete" finished-at="2021-12-29T18:11:13 MSK" duration-ms="186" status="PASS">
          <reporter-output>
          </reporter-output>
        </test-method> <!-- delete -->
        <test-method is-config="true" signature="reg()[pri:0, instance:WrongCreatePostTest@580fd26b]" started-at="2021-12-29T18:11:13 MSK" name="reg" finished-at="2021-12-29T18:11:13 MSK" duration-ms="292" status="PASS">
          <reporter-output>
          </reporter-output>
        </test-method> <!-- reg -->
        <test-method signature="createPostWithoutToken()[pri:0, instance:WrongCreatePostTest@580fd26b]" started-at="2021-12-29T18:11:13 MSK" name="createPostWithoutToken" finished-at="2021-12-29T18:11:13 MSK" duration-ms="208" status="FAIL">
          <exception class="java.lang.AssertionError">
            <message>
              <![CDATA[The following asserts failed:
"codes" does not contain correct error code expected [true] but found [false],
"codes" does not contain correct error code expected [true] but found [false]]]>
            </message>
            <full-stacktrace>
              <![CDATA[java.lang.AssertionError: The following asserts failed:
"codes" does not contain correct error code expected [true] but found [false],
"codes" does not contain correct error code expected [true] but found [false]
at org.testng.asserts.SoftAssert.assertAll(SoftAssert.java:47)
at org.testng.asserts.SoftAssert.assertAll(SoftAssert.java:31)
at WrongCreatePostTest.createPostWithoutToken(WrongCreatePostTest.java:45)
at java.base/jdk.internal.reflect.NativeMethodAccessorImpl.invoke0(Native Method)
at java.base/jdk.internal.reflect.NativeMethodAccessorImpl.invoke(NativeMethodAccessorImpl.java:77)
at java.base/jdk.internal.reflect.DelegatingMethodAccessorImpl.invoke(DelegatingMethodAccessorImpl.java:43)
at java.base/java.lang.reflect.Method.invoke(Method.java:568)
at org.testng.internal.MethodInvocationHelper.invokeMethod(MethodInvocationHelper.java:133)
at org.testng.internal.TestInvoker.invokeMethod(TestInvoker.java:598)
at org.testng.internal.TestInvoker.invokeTestMethod(TestInvoker.java:173)
at org.testng.internal.MethodRunner.runInSequence(MethodRunner.java:46)
at org.testng.internal.TestInvoker$MethodInvocationAgent.invoke(TestInvoker.java:824)
at org.testng.internal.TestInvoker.invokeTestMethods(TestInvoker.java:146)
at org.testng.internal.TestMethodWorker.invokeTestMethods(TestMethodWorker.java:146)
at org.testng.internal.TestMethodWorker.run(TestMethodWorker.java:128)
at java.base/java.util.ArrayList.forEach(ArrayList.java:1511)
at org.testng.TestRunner.privateRun(TestRunner.java:794)
at org.testng.TestRunner.run(TestRunner.java:596)
at org.testng.SuiteRunner.runTest(SuiteRunner.java:377)
at org.testng.SuiteRunner.runSequentially(SuiteRunner.java:371)
at org.testng.SuiteRunner.privateRun(SuiteRunner.java:332)
at org.testng.SuiteRunner.run(SuiteRunner.java:276)
at org.testng.SuiteRunnerWorker.runSuite(SuiteRunnerWorker.java:53)
at org.testng.SuiteRunnerWorker.run(SuiteRunnerWorker.java:96)
at org.testng.TestNG.runSuitesSequentially(TestNG.java:1212)
at org.testng.TestNG.runSuitesLocally(TestNG.java:1134)
at org.testng.TestNG.runSuites(TestNG.java:1063)
at org.testng.TestNG.run(TestNG.java:1031)
at org.apache.maven.surefire.testng.TestNGExecutor.run(TestNGExecutor.java:77)
at org.apache.maven.surefire.testng.TestNGDirectoryTestSuite.executeMulti(TestNGDirectoryTestSuite.java:159)
at org.apache.maven.surefire.testng.TestNGDirectoryTestSuite.execute(TestNGDirectoryTestSuite.java:99)
at org.apache.maven.surefire.testng.TestNGProvider.invoke(TestNGProvider.java:106)
at java.base/jdk.internal.reflect.NativeMethodAccessorImpl.invoke0(Native Method)
at java.base/jdk.internal.reflect.NativeMethodAccessorImpl.invoke(NativeMethodAccessorImpl.java:77)
at java.base/jdk.internal.reflect.DelegatingMethodAccessorImpl.invoke(DelegatingMethodAccessorImpl.java:43)
at java.base/java.lang.reflect.Method.invoke(Method.java:568)
at org.apache.maven.surefire.util.ReflectionUtils.invokeMethodWithArray(ReflectionUtils.java:189)
at org.apache.maven.surefire.booter.ProviderFactory$ProviderProxy.invoke(ProviderFactory.java:165)
at org.apache.maven.surefire.booter.ProviderFactory.invokeProvider(ProviderFactory.java:85)
at org.apache.maven.surefire.booter.ForkedBooter.runSuitesInProcess(ForkedBooter.java:115)
at org.apache.maven.surefire.booter.ForkedBooter.main(ForkedBooter.java:75)
]]>
            </full-stacktrace>
          </exception> <!-- java.lang.AssertionError -->
          <reporter-output>
          </reporter-output>
        </test-method> <!-- createPostWithoutToken -->
        <test-method is-config="true" signature="delete()[pri:0, instance:WrongCreatePostTest@580fd26b]" started-at="2021-12-29T18:11:13 MSK" name="delete" finished-at="2021-12-29T18:11:14 MSK" duration-ms="174" status="PASS">
          <reporter-output>
          </reporter-output>
        </test-method> <!-- delete -->
      </class> <!-- WrongCreatePostTest -->
      <class name="WrongLoginTest">
        <test-method is-config="true" signature="reg()[pri:0, instance:WrongLoginTest@575cabf0]" started-at="2021-12-29T18:11:34 MSK" name="reg" finished-at="2021-12-29T18:11:35 MSK" duration-ms="282" status="PASS">
          <reporter-output>
          </reporter-output>
        </test-method> <!-- reg -->
        <test-method signature="correctEmailWithoutPassword()[pri:0, instance:WrongLoginTest@575cabf0]" started-at="2021-12-29T18:11:35 MSK" name="correctEmailWithoutPassword" finished-at="2021-12-29T18:11:35 MSK" duration-ms="186" status="PASS">
          <reporter-output>
          </reporter-output>
        </test-method> <!-- correctEmailWithoutPassword -->
        <test-method is-config="true" signature="delete()[pri:0, instance:WrongLoginTest@575cabf0]" started-at="2021-12-29T18:11:35 MSK" name="delete" finished-at="2021-12-29T18:11:35 MSK" duration-ms="174" status="PASS">
          <reporter-output>
          </reporter-output>
        </test-method> <!-- delete -->
        <test-method is-config="true" signature="reg()[pri:0, instance:WrongLoginTest@575cabf0]" started-at="2021-12-29T18:11:35 MSK" name="reg" finished-at="2021-12-29T18:11:35 MSK" duration-ms="283" status="PASS">
          <reporter-output>
          </reporter-output>
        </test-method> <!-- reg -->
        <test-method signature="emptyEmail()[pri:0, instance:WrongLoginTest@575cabf0]" started-at="2021-12-29T18:11:35 MSK" name="emptyEmail" finished-at="2021-12-29T18:11:41 MSK" duration-ms="5236" status="PASS">
          <reporter-output>
          </reporter-output>
        </test-method> <!-- emptyEmail -->
        <test-method is-config="true" signature="delete()[pri:0, instance:WrongLoginTest@575cabf0]" started-at="2021-12-29T18:11:41 MSK" name="delete" finished-at="2021-12-29T18:11:41 MSK" duration-ms="173" status="PASS">
          <reporter-output>
          </reporter-output>
        </test-method> <!-- delete -->
        <test-method is-config="true" signature="reg()[pri:0, instance:WrongLoginTest@575cabf0]" started-at="2021-12-29T18:11:41 MSK" name="reg" finished-at="2021-12-29T18:11:41 MSK" duration-ms="285" status="PASS">
          <reporter-output>
          </reporter-output>
        </test-method> <!-- reg -->
        <test-method signature="emptyEmailAndPassword()[pri:0, instance:WrongLoginTest@575cabf0]" started-at="2021-12-29T18:11:41 MSK" name="emptyEmailAndPassword" finished-at="2021-12-29T18:11:41 MSK" duration-ms="190" status="FAIL">
          <exception class="java.lang.AssertionError">
            <message>
              <![CDATA[The following asserts failed:
"codes" does not contain correct error code expected [true] but found [false]]]>
            </message>
            <full-stacktrace>
              <![CDATA[java.lang.AssertionError: The following asserts failed:
"codes" does not contain correct error code expected [true] but found [false]
at org.testng.asserts.SoftAssert.assertAll(SoftAssert.java:47)
at org.testng.asserts.SoftAssert.assertAll(SoftAssert.java:31)
at WrongLoginTest.emptyEmailAndPassword(WrongLoginTest.java:246)
at java.base/jdk.internal.reflect.NativeMethodAccessorImpl.invoke0(Native Method)
at java.base/jdk.internal.reflect.NativeMethodAccessorImpl.invoke(NativeMethodAccessorImpl.java:77)
at java.base/jdk.internal.reflect.DelegatingMethodAccessorImpl.invoke(DelegatingMethodAccessorImpl.java:43)
at java.base/java.lang.reflect.Method.invoke(Method.java:568)
at org.testng.internal.MethodInvocationHelper.invokeMethod(MethodInvocationHelper.java:133)
at org.testng.internal.TestInvoker.invokeMethod(TestInvoker.java:598)
at org.testng.internal.TestInvoker.invokeTestMethod(TestInvoker.java:173)
at org.testng.internal.MethodRunner.runInSequence(MethodRunner.java:46)
at org.testng.internal.TestInvoker$MethodInvocationAgent.invoke(TestInvoker.java:824)
at org.testng.internal.TestInvoker.invokeTestMethods(TestInvoker.java:146)
at org.testng.internal.TestMethodWorker.invokeTestMethods(TestMethodWorker.java:146)
at org.testng.internal.TestMethodWorker.run(TestMethodWorker.java:128)
at java.base/java.util.ArrayList.forEach(ArrayList.java:1511)
at org.testng.TestRunner.privateRun(TestRunner.java:794)
at org.testng.TestRunner.run(TestRunner.java:596)
at org.testng.SuiteRunner.runTest(SuiteRunner.java:377)
at org.testng.SuiteRunner.runSequentially(SuiteRunner.java:371)
at org.testng.SuiteRunner.privateRun(SuiteRunner.java:332)
at org.testng.SuiteRunner.run(SuiteRunner.java:276)
at org.testng.SuiteRunnerWorker.runSuite(SuiteRunnerWorker.java:53)
at org.testng.SuiteRunnerWorker.run(SuiteRunnerWorker.java:96)
at org.testng.TestNG.runSuitesSequentially(TestNG.java:1212)
at org.testng.TestNG.runSuitesLocally(TestNG.java:1134)
at org.testng.TestNG.runSuites(TestNG.java:1063)
at org.testng.TestNG.run(TestNG.java:1031)
at org.apache.maven.surefire.testng.TestNGExecutor.run(TestNGExecutor.java:77)
at org.apache.maven.surefire.testng.TestNGDirectoryTestSuite.executeMulti(TestNGDirectoryTestSuite.java:159)
at org.apache.maven.surefire.testng.TestNGDirectoryTestSuite.execute(TestNGDirectoryTestSuite.java:99)
at org.apache.maven.surefire.testng.TestNGProvider.invoke(TestNGProvider.java:106)
at java.base/jdk.internal.reflect.NativeMethodAccessorImpl.invoke0(Native Method)
at java.base/jdk.internal.reflect.NativeMethodAccessorImpl.invoke(NativeMethodAccessorImpl.java:77)
at java.base/jdk.internal.reflect.DelegatingMethodAccessorImpl.invoke(DelegatingMethodAccessorImpl.java:43)
at java.base/java.lang.reflect.Method.invoke(Method.java:568)
at org.apache.maven.surefire.util.ReflectionUtils.invokeMethodWithArray(ReflectionUtils.java:189)
at org.apache.maven.surefire.booter.ProviderFactory$ProviderProxy.invoke(ProviderFactory.java:165)
at org.apache.maven.surefire.booter.ProviderFactory.invokeProvider(ProviderFactory.java:85)
at org.apache.maven.surefire.booter.ForkedBooter.runSuitesInProcess(ForkedBooter.java:115)
at org.apache.maven.surefire.booter.ForkedBooter.main(ForkedBooter.java:75)
]]>
            </full-stacktrace>
          </exception> <!-- java.lang.AssertionError -->
          <reporter-output>
          </reporter-output>
        </test-method> <!-- emptyEmailAndPassword -->
        <test-method is-config="true" signature="delete()[pri:0, instance:WrongLoginTest@575cabf0]" started-at="2021-12-29T18:11:41 MSK" name="delete" finished-at="2021-12-29T18:11:41 MSK" duration-ms="168" status="PASS">
          <reporter-output>
          </reporter-output>
        </test-method> <!-- delete -->
        <test-method is-config="true" signature="reg()[pri:0, instance:WrongLoginTest@575cabf0]" started-at="2021-12-29T18:11:41 MSK" name="reg" finished-at="2021-12-29T18:11:42 MSK" duration-ms="291" status="PASS">
          <reporter-output>
          </reporter-output>
        </test-method> <!-- reg -->
        <test-method signature="emptyPassword()[pri:0, instance:WrongLoginTest@575cabf0]" started-at="2021-12-29T18:11:42 MSK" name="emptyPassword" finished-at="2021-12-29T18:11:42 MSK" duration-ms="317" status="FAIL">
          <exception class="java.lang.AssertionError">
            <message>
              <![CDATA[The following asserts failed:
"codes" does not contain correct error code expected [true] but found [false]]]>
            </message>
            <full-stacktrace>
              <![CDATA[java.lang.AssertionError: The following asserts failed:
"codes" does not contain correct error code expected [true] but found [false]
at org.testng.asserts.SoftAssert.assertAll(SoftAssert.java:47)
at org.testng.asserts.SoftAssert.assertAll(SoftAssert.java:31)
at WrongLoginTest.emptyPassword(WrongLoginTest.java:221)
at java.base/jdk.internal.reflect.NativeMethodAccessorImpl.invoke0(Native Method)
at java.base/jdk.internal.reflect.NativeMethodAccessorImpl.invoke(NativeMethodAccessorImpl.java:77)
at java.base/jdk.internal.reflect.DelegatingMethodAccessorImpl.invoke(DelegatingMethodAccessorImpl.java:43)
at java.base/java.lang.reflect.Method.invoke(Method.java:568)
at org.testng.internal.MethodInvocationHelper.invokeMethod(MethodInvocationHelper.java:133)
at org.testng.internal.TestInvoker.invokeMethod(TestInvoker.java:598)
at org.testng.internal.TestInvoker.invokeTestMethod(TestInvoker.java:173)
at org.testng.internal.MethodRunner.runInSequence(MethodRunner.java:46)
at org.testng.internal.TestInvoker$MethodInvocationAgent.invoke(TestInvoker.java:824)
at org.testng.internal.TestInvoker.invokeTestMethods(TestInvoker.java:146)
at org.testng.internal.TestMethodWorker.invokeTestMethods(TestMethodWorker.java:146)
at org.testng.internal.TestMethodWorker.run(TestMethodWorker.java:128)
at java.base/java.util.ArrayList.forEach(ArrayList.java:1511)
at org.testng.TestRunner.privateRun(TestRunner.java:794)
at org.testng.TestRunner.run(TestRunner.java:596)
at org.testng.SuiteRunner.runTest(SuiteRunner.java:377)
at org.testng.SuiteRunner.runSequentially(SuiteRunner.java:371)
at org.testng.SuiteRunner.privateRun(SuiteRunner.java:332)
at org.testng.SuiteRunner.run(SuiteRunner.java:276)
at org.testng.SuiteRunnerWorker.runSuite(SuiteRunnerWorker.java:53)
at org.testng.SuiteRunnerWorker.run(SuiteRunnerWorker.java:96)
at org.testng.TestNG.runSuitesSequentially(TestNG.java:1212)
at org.testng.TestNG.runSuitesLocally(TestNG.java:1134)
at org.testng.TestNG.runSuites(TestNG.java:1063)
at org.testng.TestNG.run(TestNG.java:1031)
at org.apache.maven.surefire.testng.TestNGExecutor.run(TestNGExecutor.java:77)
at org.apache.maven.surefire.testng.TestNGDirectoryTestSuite.executeMulti(TestNGDirectoryTestSuite.java:159)
at org.apache.maven.surefire.testng.TestNGDirectoryTestSuite.execute(TestNGDirectoryTestSuite.java:99)
at org.apache.maven.surefire.testng.TestNGProvider.invoke(TestNGProvider.java:106)
at java.base/jdk.internal.reflect.NativeMethodAccessorImpl.invoke0(Native Method)
at java.base/jdk.internal.reflect.NativeMethodAccessorImpl.invoke(NativeMethodAccessorImpl.java:77)
at java.base/jdk.internal.reflect.DelegatingMethodAccessorImpl.invoke(DelegatingMethodAccessorImpl.java:43)
at java.base/java.lang.reflect.Method.invoke(Method.java:568)
at org.apache.maven.surefire.util.ReflectionUtils.invokeMethodWithArray(ReflectionUtils.java:189)
at org.apache.maven.surefire.booter.ProviderFactory$ProviderProxy.invoke(ProviderFactory.java:165)
at org.apache.maven.surefire.booter.ProviderFactory.invokeProvider(ProviderFactory.java:85)
at org.apache.maven.surefire.booter.ForkedBooter.runSuitesInProcess(ForkedBooter.java:115)
at org.apache.maven.surefire.booter.ForkedBooter.main(ForkedBooter.java:75)
]]>
            </full-stacktrace>
          </exception> <!-- java.lang.AssertionError -->
          <reporter-output>
          </reporter-output>
        </test-method> <!-- emptyPassword -->
        <test-method is-config="true" signature="delete()[pri:0, instance:WrongLoginTest@575cabf0]" started-at="2021-12-29T18:11:42 MSK" name="delete" finished-at="2021-12-29T18:11:42 MSK" duration-ms="175" status="PASS">
          <reporter-output>
          </reporter-output>
        </test-method> <!-- delete -->
        <test-method is-config="true" signature="reg()[pri:0, instance:WrongLoginTest@575cabf0]" started-at="2021-12-29T18:11:42 MSK" name="reg" finished-at="2021-12-29T18:11:43 MSK" duration-ms="282" status="PASS">
          <reporter-output>
          </reporter-output>
        </test-method> <!-- reg -->
        <test-method signature="incorrectEmail1()[pri:0, instance:WrongLoginTest@575cabf0]" started-at="2021-12-29T18:11:43 MSK" name="incorrectEmail1" finished-at="2021-12-29T18:11:43 MSK" duration-ms="208" status="FAIL">
          <exception class="java.lang.AssertionError">
            <message>
              <![CDATA[The following asserts failed:
"codes" does not contain correct error code expected [true] but found [false],
"codes" does not contain correct error code expected [true] but found [false]]]>
            </message>
            <full-stacktrace>
              <![CDATA[java.lang.AssertionError: The following asserts failed:
"codes" does not contain correct error code expected [true] but found [false],
"codes" does not contain correct error code expected [true] but found [false]
at org.testng.asserts.SoftAssert.assertAll(SoftAssert.java:47)
at org.testng.asserts.SoftAssert.assertAll(SoftAssert.java:31)
at WrongLoginTest.incorrectEmail1(WrongLoginTest.java:50)
at java.base/jdk.internal.reflect.NativeMethodAccessorImpl.invoke0(Native Method)
at java.base/jdk.internal.reflect.NativeMethodAccessorImpl.invoke(NativeMethodAccessorImpl.java:77)
at java.base/jdk.internal.reflect.DelegatingMethodAccessorImpl.invoke(DelegatingMethodAccessorImpl.java:43)
at java.base/java.lang.reflect.Method.invoke(Method.java:568)
at org.testng.internal.MethodInvocationHelper.invokeMethod(MethodInvocationHelper.java:133)
at org.testng.internal.TestInvoker.invokeMethod(TestInvoker.java:598)
at org.testng.internal.TestInvoker.invokeTestMethod(TestInvoker.java:173)
at org.testng.internal.MethodRunner.runInSequence(MethodRunner.java:46)
at org.testng.internal.TestInvoker$MethodInvocationAgent.invoke(TestInvoker.java:824)
at org.testng.internal.TestInvoker.invokeTestMethods(TestInvoker.java:146)
at org.testng.internal.TestMethodWorker.invokeTestMethods(TestMethodWorker.java:146)
at org.testng.internal.TestMethodWorker.run(TestMethodWorker.java:128)
at java.base/java.util.ArrayList.forEach(ArrayList.java:1511)
at org.testng.TestRunner.privateRun(TestRunner.java:794)
at org.testng.TestRunner.run(TestRunner.java:596)
at org.testng.SuiteRunner.runTest(SuiteRunner.java:377)
at org.testng.SuiteRunner.runSequentially(SuiteRunner.java:371)
at org.testng.SuiteRunner.privateRun(SuiteRunner.java:332)
at org.testng.SuiteRunner.run(SuiteRunner.java:276)
at org.testng.SuiteRunnerWorker.runSuite(SuiteRunnerWorker.java:53)
at org.testng.SuiteRunnerWorker.run(SuiteRunnerWorker.java:96)
at org.testng.TestNG.runSuitesSequentially(TestNG.java:1212)
at org.testng.TestNG.runSuitesLocally(TestNG.java:1134)
at org.testng.TestNG.runSuites(TestNG.java:1063)
at org.testng.TestNG.run(TestNG.java:1031)
at org.apache.maven.surefire.testng.TestNGExecutor.run(TestNGExecutor.java:77)
at org.apache.maven.surefire.testng.TestNGDirectoryTestSuite.executeMulti(TestNGDirectoryTestSuite.java:159)
at org.apache.maven.surefire.testng.TestNGDirectoryTestSuite.execute(TestNGDirectoryTestSuite.java:99)
at org.apache.maven.surefire.testng.TestNGProvider.invoke(TestNGProvider.java:106)
at java.base/jdk.internal.reflect.NativeMethodAccessorImpl.invoke0(Native Method)
at java.base/jdk.internal.reflect.NativeMethodAccessorImpl.invoke(NativeMethodAccessorImpl.java:77)
at java.base/jdk.internal.reflect.DelegatingMethodAccessorImpl.invoke(DelegatingMethodAccessorImpl.java:43)
at java.base/java.lang.reflect.Method.invoke(Method.java:568)
at org.apache.maven.surefire.util.ReflectionUtils.invokeMethodWithArray(ReflectionUtils.java:189)
at org.apache.maven.surefire.booter.ProviderFactory$ProviderProxy.invoke(ProviderFactory.java:165)
at org.apache.maven.surefire.booter.ProviderFactory.invokeProvider(ProviderFactory.java:85)
at org.apache.maven.surefire.booter.ForkedBooter.runSuitesInProcess(ForkedBooter.java:115)
at org.apache.maven.surefire.booter.ForkedBooter.main(ForkedBooter.java:75)
]]>
            </full-stacktrace>
          </exception> <!-- java.lang.AssertionError -->
          <reporter-output>
          </reporter-output>
        </test-method> <!-- incorrectEmail1 -->
        <test-method is-config="true" signature="delete()[pri:0, instance:WrongLoginTest@575cabf0]" started-at="2021-12-29T18:11:43 MSK" name="delete" finished-at="2021-12-29T18:11:43 MSK" duration-ms="172" status="PASS">
          <reporter-output>
          </reporter-output>
        </test-method> <!-- delete -->
        <test-method is-config="true" signature="reg()[pri:0, instance:WrongLoginTest@575cabf0]" started-at="2021-12-29T18:11:43 MSK" name="reg" finished-at="2021-12-29T18:11:43 MSK" duration-ms="304" status="PASS">
          <reporter-output>
          </reporter-output>
        </test-method> <!-- reg -->
        <test-method signature="incorrectEmail2()[pri:0, instance:WrongLoginTest@575cabf0]" started-at="2021-12-29T18:11:43 MSK" name="incorrectEmail2" finished-at="2021-12-29T18:11:43 MSK" duration-ms="202" status="FAIL">
          <exception class="java.lang.AssertionError">
            <message>
              <![CDATA[The following asserts failed:
"codes" does not contain correct error code expected [true] but found [false],
"codes" does not contain correct error code expected [true] but found [false],
"codes" does not contain correct error code expected [true] but found [false]]]>
            </message>
            <full-stacktrace>
              <![CDATA[java.lang.AssertionError: The following asserts failed:
"codes" does not contain correct error code expected [true] but found [false],
"codes" does not contain correct error code expected [true] but found [false],
"codes" does not contain correct error code expected [true] but found [false]
at org.testng.asserts.SoftAssert.assertAll(SoftAssert.java:47)
at org.testng.asserts.SoftAssert.assertAll(SoftAssert.java:31)
at WrongLoginTest.incorrectEmail2(WrongLoginTest.java:74)
at java.base/jdk.internal.reflect.NativeMethodAccessorImpl.invoke0(Native Method)
at java.base/jdk.internal.reflect.NativeMethodAccessorImpl.invoke(NativeMethodAccessorImpl.java:77)
at java.base/jdk.internal.reflect.DelegatingMethodAccessorImpl.invoke(DelegatingMethodAccessorImpl.java:43)
at java.base/java.lang.reflect.Method.invoke(Method.java:568)
at org.testng.internal.MethodInvocationHelper.invokeMethod(MethodInvocationHelper.java:133)
at org.testng.internal.TestInvoker.invokeMethod(TestInvoker.java:598)
at org.testng.internal.TestInvoker.invokeTestMethod(TestInvoker.java:173)
at org.testng.internal.MethodRunner.runInSequence(MethodRunner.java:46)
at org.testng.internal.TestInvoker$MethodInvocationAgent.invoke(TestInvoker.java:824)
at org.testng.internal.TestInvoker.invokeTestMethods(TestInvoker.java:146)
at org.testng.internal.TestMethodWorker.invokeTestMethods(TestMethodWorker.java:146)
at org.testng.internal.TestMethodWorker.run(TestMethodWorker.java:128)
at java.base/java.util.ArrayList.forEach(ArrayList.java:1511)
at org.testng.TestRunner.privateRun(TestRunner.java:794)
at org.testng.TestRunner.run(TestRunner.java:596)
at org.testng.SuiteRunner.runTest(SuiteRunner.java:377)
at org.testng.SuiteRunner.runSequentially(SuiteRunner.java:371)
at org.testng.SuiteRunner.privateRun(SuiteRunner.java:332)
at org.testng.SuiteRunner.run(SuiteRunner.java:276)
at org.testng.SuiteRunnerWorker.runSuite(SuiteRunnerWorker.java:53)
at org.testng.SuiteRunnerWorker.run(SuiteRunnerWorker.java:96)
at org.testng.TestNG.runSuitesSequentially(TestNG.java:1212)
at org.testng.TestNG.runSuitesLocally(TestNG.java:1134)
at org.testng.TestNG.runSuites(TestNG.java:1063)
at org.testng.TestNG.run(TestNG.java:1031)
at org.apache.maven.surefire.testng.TestNGExecutor.run(TestNGExecutor.java:77)
at org.apache.maven.surefire.testng.TestNGDirectoryTestSuite.executeMulti(TestNGDirectoryTestSuite.java:159)
at org.apache.maven.surefire.testng.TestNGDirectoryTestSuite.execute(TestNGDirectoryTestSuite.java:99)
at org.apache.maven.surefire.testng.TestNGProvider.invoke(TestNGProvider.java:106)
at java.base/jdk.internal.reflect.NativeMethodAccessorImpl.invoke0(Native Method)
at java.base/jdk.internal.reflect.NativeMethodAccessorImpl.invoke(NativeMethodAccessorImpl.java:77)
at java.base/jdk.internal.reflect.DelegatingMethodAccessorImpl.invoke(DelegatingMethodAccessorImpl.java:43)
at java.base/java.lang.reflect.Method.invoke(Method.java:568)
at org.apache.maven.surefire.util.ReflectionUtils.invokeMethodWithArray(ReflectionUtils.java:189)
at org.apache.maven.surefire.booter.ProviderFactory$ProviderProxy.invoke(ProviderFactory.java:165)
at org.apache.maven.surefire.booter.ProviderFactory.invokeProvider(ProviderFactory.java:85)
at org.apache.maven.surefire.booter.ForkedBooter.runSuitesInProcess(ForkedBooter.java:115)
at org.apache.maven.surefire.booter.ForkedBooter.main(ForkedBooter.java:75)
]]>
            </full-stacktrace>
          </exception> <!-- java.lang.AssertionError -->
          <reporter-output>
          </reporter-output>
        </test-method> <!-- incorrectEmail2 -->
        <test-method is-config="true" signature="delete()[pri:0, instance:WrongLoginTest@575cabf0]" started-at="2021-12-29T18:11:43 MSK" name="delete" finished-at="2021-12-29T18:11:44 MSK" duration-ms="171" status="PASS">
          <reporter-output>
          </reporter-output>
        </test-method> <!-- delete -->
        <test-method is-config="true" signature="reg()[pri:0, instance:WrongLoginTest@575cabf0]" started-at="2021-12-29T18:11:44 MSK" name="reg" finished-at="2021-12-29T18:11:44 MSK" duration-ms="280" status="PASS">
          <reporter-output>
          </reporter-output>
        </test-method> <!-- reg -->
        <test-method signature="incorrectEmail3()[pri:0, instance:WrongLoginTest@575cabf0]" started-at="2021-12-29T18:11:44 MSK" name="incorrectEmail3" finished-at="2021-12-29T18:11:44 MSK" duration-ms="196" status="FAIL">
          <exception class="java.lang.AssertionError">
            <message>
              <![CDATA[The following asserts failed:
"codes" does not contain correct error code expected [true] but found [false],
"codes" does not contain correct error code expected [true] but found [false],
"codes" does not contain correct error code expected [true] but found [false],
"codes" does not contain correct error code expected [true] but found [false]]]>
            </message>
            <full-stacktrace>
              <![CDATA[java.lang.AssertionError: The following asserts failed:
"codes" does not contain correct error code expected [true] but found [false],
"codes" does not contain correct error code expected [true] but found [false],
"codes" does not contain correct error code expected [true] but found [false],
"codes" does not contain correct error code expected [true] but found [false]
at org.testng.asserts.SoftAssert.assertAll(SoftAssert.java:47)
at org.testng.asserts.SoftAssert.assertAll(SoftAssert.java:31)
at WrongLoginTest.incorrectEmail3(WrongLoginTest.java:99)
at java.base/jdk.internal.reflect.NativeMethodAccessorImpl.invoke0(Native Method)
at java.base/jdk.internal.reflect.NativeMethodAccessorImpl.invoke(NativeMethodAccessorImpl.java:77)
at java.base/jdk.internal.reflect.DelegatingMethodAccessorImpl.invoke(DelegatingMethodAccessorImpl.java:43)
at java.base/java.lang.reflect.Method.invoke(Method.java:568)
at org.testng.internal.MethodInvocationHelper.invokeMethod(MethodInvocationHelper.java:133)
at org.testng.internal.TestInvoker.invokeMethod(TestInvoker.java:598)
at org.testng.internal.TestInvoker.invokeTestMethod(TestInvoker.java:173)
at org.testng.internal.MethodRunner.runInSequence(MethodRunner.java:46)
at org.testng.internal.TestInvoker$MethodInvocationAgent.invoke(TestInvoker.java:824)
at org.testng.internal.TestInvoker.invokeTestMethods(TestInvoker.java:146)
at org.testng.internal.TestMethodWorker.invokeTestMethods(TestMethodWorker.java:146)
at org.testng.internal.TestMethodWorker.run(TestMethodWorker.java:128)
at java.base/java.util.ArrayList.forEach(ArrayList.java:1511)
at org.testng.TestRunner.privateRun(TestRunner.java:794)
at org.testng.TestRunner.run(TestRunner.java:596)
at org.testng.SuiteRunner.runTest(SuiteRunner.java:377)
at org.testng.SuiteRunner.runSequentially(SuiteRunner.java:371)
at org.testng.SuiteRunner.privateRun(SuiteRunner.java:332)
at org.testng.SuiteRunner.run(SuiteRunner.java:276)
at org.testng.SuiteRunnerWorker.runSuite(SuiteRunnerWorker.java:53)
at org.testng.SuiteRunnerWorker.run(SuiteRunnerWorker.java:96)
at org.testng.TestNG.runSuitesSequentially(TestNG.java:1212)
at org.testng.TestNG.runSuitesLocally(TestNG.java:1134)
at org.testng.TestNG.runSuites(TestNG.java:1063)
at org.testng.TestNG.run(TestNG.java:1031)
at org.apache.maven.surefire.testng.TestNGExecutor.run(TestNGExecutor.java:77)
at org.apache.maven.surefire.testng.TestNGDirectoryTestSuite.executeMulti(TestNGDirectoryTestSuite.java:159)
at org.apache.maven.surefire.testng.TestNGDirectoryTestSuite.execute(TestNGDirectoryTestSuite.java:99)
at org.apache.maven.surefire.testng.TestNGProvider.invoke(TestNGProvider.java:106)
at java.base/jdk.internal.reflect.NativeMethodAccessorImpl.invoke0(Native Method)
at java.base/jdk.internal.reflect.NativeMethodAccessorImpl.invoke(NativeMethodAccessorImpl.java:77)
at java.base/jdk.internal.reflect.DelegatingMethodAccessorImpl.invoke(DelegatingMethodAccessorImpl.java:43)
at java.base/java.lang.reflect.Method.invoke(Method.java:568)
at org.apache.maven.surefire.util.ReflectionUtils.invokeMethodWithArray(ReflectionUtils.java:189)
at org.apache.maven.surefire.booter.ProviderFactory$ProviderProxy.invoke(ProviderFactory.java:165)
at org.apache.maven.surefire.booter.ProviderFactory.invokeProvider(ProviderFactory.java:85)
at org.apache.maven.surefire.booter.ForkedBooter.runSuitesInProcess(ForkedBooter.java:115)
at org.apache.maven.surefire.booter.ForkedBooter.main(ForkedBooter.java:75)
]]>
            </full-stacktrace>
          </exception> <!-- java.lang.AssertionError -->
          <reporter-output>
          </reporter-output>
        </test-method> <!-- incorrectEmail3 -->
        <test-method is-config="true" signature="delete()[pri:0, instance:WrongLoginTest@575cabf0]" started-at="2021-12-29T18:11:44 MSK" name="delete" finished-at="2021-12-29T18:11:44 MSK" duration-ms="176" status="PASS">
          <reporter-output>
          </reporter-output>
        </test-method> <!-- delete -->
        <test-method is-config="true" signature="reg()[pri:0, instance:WrongLoginTest@575cabf0]" started-at="2021-12-29T18:11:44 MSK" name="reg" finished-at="2021-12-29T18:11:45 MSK" duration-ms="313" status="PASS">
          <reporter-output>
          </reporter-output>
        </test-method> <!-- reg -->
        <test-method signature="incorrectEmail4()[pri:0, instance:WrongLoginTest@575cabf0]" started-at="2021-12-29T18:11:45 MSK" name="incorrectEmail4" finished-at="2021-12-29T18:11:45 MSK" duration-ms="197" status="FAIL">
          <exception class="java.lang.AssertionError">
            <message>
              <![CDATA[The following asserts failed:
"codes" does not contain correct error code expected [true] but found [false],
"codes" does not contain correct error code expected [true] but found [false],
"codes" does not contain correct error code expected [true] but found [false],
"codes" does not contain correct error code expected [true] but found [false],
"codes" does not contain correct error code expected [true] but found [false]]]>
            </message>
            <full-stacktrace>
              <![CDATA[java.lang.AssertionError: The following asserts failed:
"codes" does not contain correct error code expected [true] but found [false],
"codes" does not contain correct error code expected [true] but found [false],
"codes" does not contain correct error code expected [true] but found [false],
"codes" does not contain correct error code expected [true] but found [false],
"codes" does not contain correct error code expected [true] but found [false]
at org.testng.asserts.SoftAssert.assertAll(SoftAssert.java:47)
at org.testng.asserts.SoftAssert.assertAll(SoftAssert.java:31)
at WrongLoginTest.incorrectEmail4(WrongLoginTest.java:125)
at java.base/jdk.internal.reflect.NativeMethodAccessorImpl.invoke0(Native Method)
at java.base/jdk.internal.reflect.NativeMethodAccessorImpl.invoke(NativeMethodAccessorImpl.java:77)
at java.base/jdk.internal.reflect.DelegatingMethodAccessorImpl.invoke(DelegatingMethodAccessorImpl.java:43)
at java.base/java.lang.reflect.Method.invoke(Method.java:568)
at org.testng.internal.MethodInvocationHelper.invokeMethod(MethodInvocationHelper.java:133)
at org.testng.internal.TestInvoker.invokeMethod(TestInvoker.java:598)
at org.testng.internal.TestInvoker.invokeTestMethod(TestInvoker.java:173)
at org.testng.internal.MethodRunner.runInSequence(MethodRunner.java:46)
at org.testng.internal.TestInvoker$MethodInvocationAgent.invoke(TestInvoker.java:824)
at org.testng.internal.TestInvoker.invokeTestMethods(TestInvoker.java:146)
at org.testng.internal.TestMethodWorker.invokeTestMethods(TestMethodWorker.java:146)
at org.testng.internal.TestMethodWorker.run(TestMethodWorker.java:128)
at java.base/java.util.ArrayList.forEach(ArrayList.java:1511)
at org.testng.TestRunner.privateRun(TestRunner.java:794)
at org.testng.TestRunner.run(TestRunner.java:596)
at org.testng.SuiteRunner.runTest(SuiteRunner.java:377)
at org.testng.SuiteRunner.runSequentially(SuiteRunner.java:371)
at org.testng.SuiteRunner.privateRun(SuiteRunner.java:332)
at org.testng.SuiteRunner.run(SuiteRunner.java:276)
at org.testng.SuiteRunnerWorker.runSuite(SuiteRunnerWorker.java:53)
at org.testng.SuiteRunnerWorker.run(SuiteRunnerWorker.java:96)
at org.testng.TestNG.runSuitesSequentially(TestNG.java:1212)
at org.testng.TestNG.runSuitesLocally(TestNG.java:1134)
at org.testng.TestNG.runSuites(TestNG.java:1063)
at org.testng.TestNG.run(TestNG.java:1031)
at org.apache.maven.surefire.testng.TestNGExecutor.run(TestNGExecutor.java:77)
at org.apache.maven.surefire.testng.TestNGDirectoryTestSuite.executeMulti(TestNGDirectoryTestSuite.java:159)
at org.apache.maven.surefire.testng.TestNGDirectoryTestSuite.execute(TestNGDirectoryTestSuite.java:99)
at org.apache.maven.surefire.testng.TestNGProvider.invoke(TestNGProvider.java:106)
at java.base/jdk.internal.reflect.NativeMethodAccessorImpl.invoke0(Native Method)
at java.base/jdk.internal.reflect.NativeMethodAccessorImpl.invoke(NativeMethodAccessorImpl.java:77)
at java.base/jdk.internal.reflect.DelegatingMethodAccessorImpl.invoke(DelegatingMethodAccessorImpl.java:43)
at java.base/java.lang.reflect.Method.invoke(Method.java:568)
at org.apache.maven.surefire.util.ReflectionUtils.invokeMethodWithArray(ReflectionUtils.java:189)
at org.apache.maven.surefire.booter.ProviderFactory$ProviderProxy.invoke(ProviderFactory.java:165)
at org.apache.maven.surefire.booter.ProviderFactory.invokeProvider(ProviderFactory.java:85)
at org.apache.maven.surefire.booter.ForkedBooter.runSuitesInProcess(ForkedBooter.java:115)
at org.apache.maven.surefire.booter.ForkedBooter.main(ForkedBooter.java:75)
]]>
            </full-stacktrace>
          </exception> <!-- java.lang.AssertionError -->
          <reporter-output>
          </reporter-output>
        </test-method> <!-- incorrectEmail4 -->
        <test-method is-config="true" signature="delete()[pri:0, instance:WrongLoginTest@575cabf0]" started-at="2021-12-29T18:11:45 MSK" name="delete" finished-at="2021-12-29T18:11:45 MSK" duration-ms="192" status="PASS">
          <reporter-output>
          </reporter-output>
        </test-method> <!-- delete -->
        <test-method is-config="true" signature="reg()[pri:0, instance:WrongLoginTest@575cabf0]" started-at="2021-12-29T18:11:45 MSK" name="reg" finished-at="2021-12-29T18:11:45 MSK" duration-ms="280" status="PASS">
          <reporter-output>
          </reporter-output>
        </test-method> <!-- reg -->
        <test-method signature="incorrectEmail5()[pri:0, instance:WrongLoginTest@575cabf0]" started-at="2021-12-29T18:11:45 MSK" name="incorrectEmail5" finished-at="2021-12-29T18:11:46 MSK" duration-ms="329" status="FAIL">
          <exception class="java.lang.AssertionError">
            <message>
              <![CDATA[The following asserts failed:
"codes" does not contain correct error code expected [true] but found [false],
"codes" does not contain correct error code expected [true] but found [false],
"codes" does not contain correct error code expected [true] but found [false],
"codes" does not contain correct error code expected [true] but found [false],
"codes" does not contain correct error code expected [true] but found [false],
"codes" does not contain correct error code expected [true] but found [false]]]>
            </message>
            <full-stacktrace>
              <![CDATA[java.lang.AssertionError: The following asserts failed:
"codes" does not contain correct error code expected [true] but found [false],
"codes" does not contain correct error code expected [true] but found [false],
"codes" does not contain correct error code expected [true] but found [false],
"codes" does not contain correct error code expected [true] but found [false],
"codes" does not contain correct error code expected [true] but found [false],
[...]
          <reporter-output>
          </reporter-output>
        </test-method> <!-- withEmptyEmail -->
        <test-method is-config="true" signature="delete()[pri:0, instance:WrongChangeUserInfoTest@2272cbb0]" started-at="2021-12-29T18:11:20 MSK" name="delete" finished-at="2021-12-29T18:11:20 MSK" duration-ms="179" status="PASS">
          <reporter-output>
          </reporter-output>
        </test-method> <!-- delete -->
        <test-method is-config="true" signature="reg()[pri:0, instance:WrongChangeUserInfoTest@2272cbb0]" started-at="2021-12-29T18:11:20 MSK" name="reg" finished-at="2021-12-29T18:11:21 MSK" duration-ms="289" status="PASS">
          <reporter-output>
          </reporter-output>
        </test-method> <!-- reg -->
        <test-method signature="withEmptyEmailName()[pri:0, instance:WrongChangeUserInfoTest@2272cbb0]" started-at="2021-12-29T18:11:21 MSK" name="withEmptyEmailName" finished-at="2021-12-29T18:11:21 MSK" duration-ms="214" status="PASS">
          <reporter-output>
          </reporter-output>
        </test-method> <!-- withEmptyEmailName -->
        <test-method is-config="true" signature="delete()[pri:0, instance:WrongChangeUserInfoTest@2272cbb0]" started-at="2021-12-29T18:11:21 MSK" name="delete" finished-at="2021-12-29T18:11:21 MSK" duration-ms="172" status="PASS">
          <reporter-output>
          </reporter-output>
        </test-method> <!-- delete -->
        <test-method is-config="true" signature="reg()[pri:0, instance:WrongChangeUserInfoTest@2272cbb0]" started-at="2021-12-29T18:11:21 MSK" name="reg" finished-at="2021-12-29T18:11:21 MSK" duration-ms="284" status="PASS">
          <reporter-output>
          </reporter-output>
        </test-method> <!-- reg -->
        <test-method signature="withEmptyName()[pri:0, instance:WrongChangeUserInfoTest@2272cbb0]" started-at="2021-12-29T18:11:21 MSK" name="withEmptyName" finished-at="2021-12-29T18:11:21 MSK" duration-ms="206" status="PASS">
          <reporter-output>
          </reporter-output>
        </test-method> <!-- withEmptyName -->
        <test-method is-config="true" signature="delete()[pri:0, instance:WrongChangeUserInfoTest@2272cbb0]" started-at="2021-12-29T18:11:21 MSK" name="delete" finished-at="2021-12-29T18:11:22 MSK" duration-ms="171" status="PASS">
          <reporter-output>
          </reporter-output>
        </test-method> <!-- delete -->
        <test-method is-config="true" signature="reg()[pri:0, instance:WrongChangeUserInfoTest@2272cbb0]" started-at="2021-12-29T18:11:22 MSK" name="reg" finished-at="2021-12-29T18:11:22 MSK" duration-ms="280" status="PASS">
          <reporter-output>
          </reporter-output>
        </test-method> <!-- reg -->
        <test-method signature="withWrongEmail()[pri:0, instance:WrongChangeUserInfoTest@2272cbb0]" started-at="2021-12-29T18:11:22 MSK" name="withWrongEmail" finished-at="2021-12-29T18:11:22 MSK" duration-ms="212" status="FAIL">
          <exception class="java.lang.AssertionError">
            <message>
              <![CDATA[The following asserts failed:
Wrong "success" expected [true] but found [false]]]>
            </message>
            <full-stacktrace>
              <![CDATA[java.lang.AssertionError: The following asserts failed:
Wrong "success" expected [true] but found [false]
at org.testng.asserts.SoftAssert.assertAll(SoftAssert.java:47)
at org.testng.asserts.SoftAssert.assertAll(SoftAssert.java:31)
at WrongChangeUserInfoTest.withWrongEmail(WrongChangeUserInfoTest.java:76)
at java.base/jdk.internal.reflect.NativeMethodAccessorImpl.invoke0(Native Method)
at java.base/jdk.internal.reflect.NativeMethodAccessorImpl.invoke(NativeMethodAccessorImpl.java:77)
at java.base/jdk.internal.reflect.DelegatingMethodAccessorImpl.invoke(DelegatingMethodAccessorImpl.java:43)
at java.base/java.lang.reflect.Method.invoke(Method.java:568)
at org.testng.internal.MethodInvocationHelper.invokeMethod(MethodInvocationHelper.java:133)
at org.testng.internal.TestInvoker.invokeMethod(TestInvoker.java:598)
at org.testng.internal.TestInvoker.invokeTestMethod(TestInvoker.java:173)
at org.testng.internal.MethodRunner.runInSequence(MethodRunner.java:46)
at org.testng.internal.TestInvoker$MethodInvocationAgent.invoke(TestInvoker.java:824)
at org.testng.internal.TestInvoker.invokeTestMethods(TestInvoker.java:146)
at org.testng.internal.TestMethodWorker.invokeTestMethods(TestMethodWorker.java:146)
at org.testng.internal.TestMethodWorker.run(TestMethodWorker.java:128)
at java.base/java.util.ArrayList.forEach(ArrayList.java:1511)
at org.testng.TestRunner.privateRun(TestRunner.java:794)
at org.testng.TestRunner.run(TestRunner.java:596)
at org.testng.SuiteRunner.runTest(SuiteRunner.java:377)
at org.testng.SuiteRunner.runSequentially(SuiteRunner.java:371)
at org.testng.SuiteRunner.privateRun(SuiteRunner.java:332)
at org.testng.SuiteRunner.run(SuiteRunner.java:276)
at org.testng.SuiteRunnerWorker.runSuite(SuiteRunnerWorker.java:53)
at org.testng.SuiteRunnerWorker.run(SuiteRunnerWorker.java:96)
at org.testng.TestNG.runSuitesSequentially(TestNG.java:1212)
at org.testng.TestNG.runSuitesLocally(TestNG.java:1134)
at org.testng.TestNG.runSuites(TestNG.java:1063)
at org.testng.TestNG.run(TestNG.java:1031)
at org.apache.maven.surefire.testng.TestNGExecutor.run(TestNGExecutor.java:77)
at org.apache.maven.surefire.testng.TestNGDirectoryTestSuite.executeMulti(TestNGDirectoryTestSuite.java:159)
at org.apache.maven.surefire.testng.TestNGDirectoryTestSuite.execute(TestNGDirectoryTestSuite.java:99)
at org.apache.maven.surefire.testng.TestNGProvider.invoke(TestNGProvider.java:106)
at java.base/jdk.internal.reflect.NativeMethodAccessorImpl.invoke0(Native Method)
at java.base/jdk.internal.reflect.NativeMethodAccessorImpl.invoke(NativeMethodAccessorImpl.java:77)
at java.base/jdk.internal.reflect.DelegatingMethodAccessorImpl.invoke(DelegatingMethodAccessorImpl.java:43)
at java.base/java.lang.reflect.Method.invoke(Method.java:568)
at org.apache.maven.surefire.util.ReflectionUtils.invokeMethodWithArray(ReflectionUtils.java:189)
at org.apache.maven.surefire.booter.ProviderFactory$ProviderProxy.invoke(ProviderFactory.java:165)
at org.apache.maven.surefire.booter.ProviderFactory.invokeProvider(ProviderFactory.java:85)
at org.apache.maven.surefire.booter.ForkedBooter.runSuitesInProcess(ForkedBooter.java:115)
at org.apache.maven.surefire.booter.ForkedBooter.main(ForkedBooter.java:75)
]]>
            </full-stacktrace>
          </exception> <!-- java.lang.AssertionError -->
          <reporter-output>
          </reporter-output>
        </test-method> <!-- withWrongEmail -->
        <test-method is-config="true" signature="delete()[pri:0, instance:WrongChangeUserInfoTest@2272cbb0]" started-at="2021-12-29T18:11:22 MSK" name="delete" finished-at="2021-12-29T18:11:22 MSK" duration-ms="174" status="PASS">
          <reporter-output>
          </reporter-output>
        </test-method> <!-- delete -->
        <test-method is-config="true" signature="reg()[pri:0, instance:WrongChangeUserInfoTest@2272cbb0]" started-at="2021-12-29T18:11:22 MSK" name="reg" finished-at="2021-12-29T18:11:23 MSK" duration-ms="275" status="PASS">
          <reporter-output>
          </reporter-output>
        </test-method> <!-- reg -->
        <test-method signature="withWrongName()[pri:0, instance:WrongChangeUserInfoTest@2272cbb0]" started-at="2021-12-29T18:11:23 MSK" name="withWrongName" finished-at="2021-12-29T18:11:23 MSK" duration-ms="195" status="PASS">
          <reporter-output>
          </reporter-output>
        </test-method> <!-- withWrongName -->
        <test-method is-config="true" signature="delete()[pri:0, instance:WrongChangeUserInfoTest@2272cbb0]" started-at="2021-12-29T18:11:23 MSK" name="delete" finished-at="2021-12-29T18:11:23 MSK" duration-ms="173" status="PASS">
          <reporter-output>
          </reporter-output>
        </test-method> <!-- delete -->
        <test-method is-config="true" signature="reg()[pri:0, instance:WrongChangeUserInfoTest@2272cbb0]" started-at="2021-12-29T18:11:23 MSK" name="reg" finished-at="2021-12-29T18:11:23 MSK" duration-ms="280" status="PASS">
          <reporter-output>
          </reporter-output>
        </test-method> <!-- reg -->
        <test-method signature="withoutAvatar()[pri:0, instance:WrongChangeUserInfoTest@2272cbb0]" started-at="2021-12-29T18:11:23 MSK" name="withoutAvatar" finished-at="2021-12-29T18:11:23 MSK" duration-ms="192" status="PASS">
          <reporter-output>
          </reporter-output>
        </test-method> <!-- withoutAvatar -->
        <test-method is-config="true" signature="delete()[pri:0, instance:WrongChangeUserInfoTest@2272cbb0]" started-at="2021-12-29T18:11:23 MSK" name="delete" finished-at="2021-12-29T18:11:24 MSK" duration-ms="169" status="PASS">
          <reporter-output>
          </reporter-output>
        </test-method> <!-- delete -->
        <test-method is-config="true" signature="reg()[pri:0, instance:WrongChangeUserInfoTest@2272cbb0]" started-at="2021-12-29T18:11:24 MSK" name="reg" finished-at="2021-12-29T18:11:24 MSK" duration-ms="286" status="PASS">
          <reporter-output>
          </reporter-output>
        </test-method> <!-- reg -->
        <test-method signature="withoutEmail()[pri:0, instance:WrongChangeUserInfoTest@2272cbb0]" started-at="2021-12-29T18:11:24 MSK" name="withoutEmail" finished-at="2021-12-29T18:11:24 MSK" duration-ms="200" status="PASS">
          <reporter-output>
          </reporter-output>
        </test-method> <!-- withoutEmail -->
        <test-method is-config="true" signature="delete()[pri:0, instance:WrongChangeUserInfoTest@2272cbb0]" started-at="2021-12-29T18:11:24 MSK" name="delete" finished-at="2021-12-29T18:11:24 MSK" duration-ms="170" status="PASS">
          <reporter-output>
          </reporter-output>
        </test-method> <!-- delete -->
        <test-method is-config="true" signature="reg()[pri:0, instance:WrongChangeUserInfoTest@2272cbb0]" started-at="2021-12-29T18:11:24 MSK" name="reg" finished-at="2021-12-29T18:11:25 MSK" duration-ms="307" status="PASS">
          <reporter-output>
          </reporter-output>
        </test-method> <!-- reg -->
        <test-method signature="withoutName()[pri:0, instance:WrongChangeUserInfoTest@2272cbb0]" started-at="2021-12-29T18:11:25 MSK" name="withoutName" finished-at="2021-12-29T18:11:25 MSK" duration-ms="195" status="PASS">
          <reporter-output>
          </reporter-output>
        </test-method> <!-- withoutName -->
        <test-method is-config="true" signature="delete()[pri:0, instance:WrongChangeUserInfoTest@2272cbb0]" started-at="2021-12-29T18:11:25 MSK" name="delete" finished-at="2021-12-29T18:11:25 MSK" duration-ms="176" status="PASS">
          <reporter-output>
          </reporter-output>
        </test-method> <!-- delete -->
        <test-method is-config="true" signature="reg()[pri:0, instance:WrongChangeUserInfoTest@2272cbb0]" started-at="2021-12-29T18:11:25 MSK" name="reg" finished-at="2021-12-29T18:11:25 MSK" duration-ms="281" status="PASS">
          <reporter-output>
          </reporter-output>
        </test-method> <!-- reg -->
        <test-method signature="withoutRole()[pri:0, instance:WrongChangeUserInfoTest@2272cbb0]" started-at="2021-12-29T18:11:25 MSK" name="withoutRole" finished-at="2021-12-29T18:11:30 MSK" duration-ms="5244" status="PASS">
          <reporter-output>
          </reporter-output>
        </test-method> <!-- withoutRole -->
        <test-method is-config="true" signature="delete()[pri:0, instance:WrongChangeUserInfoTest@2272cbb0]" started-at="2021-12-29T18:11:30 MSK" name="delete" finished-at="2021-12-29T18:11:31 MSK" duration-ms="171" status="PASS">
          <reporter-output>
          </reporter-output>
        </test-method> <!-- delete -->
        <test-method is-config="true" signature="reg()[pri:0, instance:WrongChangeUserInfoTest@2272cbb0]" started-at="2021-12-29T18:11:31 MSK" name="reg" finished-at="2021-12-29T18:11:31 MSK" duration-ms="315" status="PASS">
          <reporter-output>
          </reporter-output>
        </test-method> <!-- reg -->
        <test-method signature="withoutToken()[pri:0, instance:WrongChangeUserInfoTest@2272cbb0]" started-at="2021-12-29T18:11:31 MSK" name="withoutToken" finished-at="2021-12-29T18:11:31 MSK" duration-ms="339" status="FAIL">
          <exception class="java.lang.AssertionError">
            <message>
              <![CDATA[The following asserts failed:
"codes" does not contain correct error code expected [true] but found [false]]]>
            </message>
            <full-stacktrace>
              <![CDATA[java.lang.AssertionError: The following asserts failed:
"codes" does not contain correct error code expected [true] but found [false]
at org.testng.asserts.SoftAssert.assertAll(SoftAssert.java:47)
at org.testng.asserts.SoftAssert.assertAll(SoftAssert.java:31)
at WrongChangeUserInfoTest.withoutToken(WrongChangeUserInfoTest.java:53)
at java.base/jdk.internal.reflect.NativeMethodAccessorImpl.invoke0(Native Method)
at java.base/jdk.internal.reflect.NativeMethodAccessorImpl.invoke(NativeMethodAccessorImpl.java:77)
at java.base/jdk.internal.reflect.DelegatingMethodAccessorImpl.invoke(DelegatingMethodAccessorImpl.java:43)
at java.base/java.lang.reflect.Method.invoke(Method.java:568)
at org.testng.internal.MethodInvocationHelper.invokeMethod(MethodInvocationHelper.java:133)
at org.testng.internal.TestInvoker.invokeMethod(TestInvoker.java:598)
at org.testng.internal.TestInvoker.invokeTestMethod(TestInvoker.java:173)
at org.testng.internal.MethodRunner.runInSequence(MethodRunner.java:46)
at org.testng.internal.TestInvoker$MethodInvocationAgent.invoke(TestInvoker.java:824)
at org.testng.internal.TestInvoker.invokeTestMethods(TestInvoker.java:146)
at org.testng.internal.TestMethodWorker.invokeTestMethods(TestMethodWorker.java:146)
at org.testng.internal.TestMethodWorker.run(TestMethodWorker.java:128)
at java.base/java.util.ArrayList.forEach(ArrayList.java:1511)
at org.testng.TestRunner.privateRun(TestRunner.java:794)
at org.testng.TestRunner.run(TestRunner.java:596)
at org.testng.SuiteRunner.runTest(SuiteRunner.java:377)
at org.testng.SuiteRunner.runSequentially(SuiteRunner.java:371)
at org.testng.SuiteRunner.privateRun(SuiteRunner.java:332)
at org.testng.SuiteRunner.run(SuiteRunner.java:276)
at org.testng.SuiteRunnerWorker.runSuite(SuiteRunnerWorker.java:53)
at org.testng.SuiteRunnerWorker.run(SuiteRunnerWorker.java:96)
at org.testng.TestNG.runSuitesSequentially(TestNG.java:1212)
at org.testng.TestNG.runSuitesLocally(TestNG.java:1134)
at org.testng.TestNG.runSuites(TestNG.java:1063)
at org.testng.TestNG.run(TestNG.java:1031)
at org.apache.maven.surefire.testng.TestNGExecutor.run(TestNGExecutor.java:77)
at org.apache.maven.surefire.testng.TestNGDirectoryTestSuite.executeMulti(TestNGDirectoryTestSuite.java:159)
at org.apache.maven.surefire.testng.TestNGDirectoryTestSuite.execute(TestNGDirectoryTestSuite.java:99)
at org.apache.maven.surefire.testng.TestNGProvider.invoke(TestNGProvider.java:106)
at java.base/jdk.internal.reflect.NativeMethodAccessorImpl.invoke0(Native Method)
at java.base/jdk.internal.reflect.NativeMethodAccessorImpl.invoke(NativeMethodAccessorImpl.java:77)
at java.base/jdk.internal.reflect.DelegatingMethodAccessorImpl.invoke(DelegatingMethodAccessorImpl.java:43)
at java.base/java.lang.reflect.Method.invoke(Method.java:568)
at org.apache.maven.surefire.util.ReflectionUtils.invokeMethodWithArray(ReflectionUtils.java:189)
at org.apache.maven.surefire.booter.ProviderFactory$ProviderProxy.invoke(ProviderFactory.java:165)
at org.apache.maven.surefire.booter.ProviderFactory.invokeProvider(ProviderFactory.java:85)
at org.apache.maven.surefire.booter.ForkedBooter.runSuitesInProcess(ForkedBooter.java:115)
at org.apache.maven.surefire.booter.ForkedBooter.main(ForkedBooter.java:75)
]]>
            </full-stacktrace>
          </exception> <!-- java.lang.AssertionError -->
          <reporter-output>
          </reporter-output>
        </test-method> <!-- withoutToken -->
        <test-method is-config="true" signature="delete()[pri:0, instance:WrongChangeUserInfoTest@2272cbb0]" started-at="2021-12-29T18:11:31 MSK" name="delete" finished-at="2021-12-29T18:11:31 MSK" duration-ms="188" status="PASS">
          <reporter-output>
          </reporter-output>
        </test-method> <!-- delete -->
      </class> <!-- WrongChangeUserInfoTest -->
      <class name="DeletePostTest">
        <test-method is-config="true" signature="reg()[pri:0, instance:DeletePostTest@6ad1701a]" started-at="2021-12-29T18:11:53 MSK" name="reg" finished-at="2021-12-29T18:11:53 MSK" duration-ms="307" status="PASS">
          <reporter-output>
          </reporter-output>
        </test-method> <!-- reg -->
        <test-method signature="deletePostTest()[pri:0, instance:DeletePostTest@6ad1701a]" started-at="2021-12-29T18:11:53 MSK" name="deletePostTest" finished-at="2021-12-29T18:11:54 MSK" duration-ms="629" status="PASS">
          <reporter-output>
          </reporter-output>
        </test-method> <!-- deletePostTest -->
        <test-method is-config="true" signature="delete()[pri:0, instance:DeletePostTest@6ad1701a]" started-at="2021-12-29T18:11:54 MSK" name="delete" finished-at="2021-12-29T18:11:54 MSK" duration-ms="171" status="PASS">
          <reporter-output>
          </reporter-output>
        </test-method> <!-- delete -->
      </class> <!-- DeletePostTest -->
      <class name="GetUserInfoTest">
        <test-method is-config="true" signature="reg()[pri:0, instance:GetUserInfoTest@7741771e]" started-at="2021-12-29T18:11:33 MSK" name="reg" finished-at="2021-12-29T18:11:33 MSK" duration-ms="286" status="PASS">
          <reporter-output>
          </reporter-output>
        </test-method> <!-- reg -->
        <test-method signature="getUserInfoByIdTest()[pri:0, instance:GetUserInfoTest@7741771e]" started-at="2021-12-29T18:11:33 MSK" name="getUserInfoByIdTest" finished-at="2021-12-29T18:11:33 MSK" duration-ms="273" status="PASS">
          <reporter-output>
          </reporter-output>
        </test-method> <!-- getUserInfoByIdTest -->
        <test-method is-config="true" signature="delete()[pri:0, instance:GetUserInfoTest@7741771e]" started-at="2021-12-29T18:11:33 MSK" name="delete" finished-at="2021-12-29T18:11:33 MSK" duration-ms="171" status="PASS">
          <reporter-output>
          </reporter-output>
        </test-method> <!-- delete -->
        <test-method is-config="true" signature="reg()[pri:0, instance:GetUserInfoTest@7741771e]" started-at="2021-12-29T18:11:33 MSK" name="reg" finished-at="2021-12-29T18:11:34 MSK" duration-ms="321" status="PASS">
          <reporter-output>
          </reporter-output>
        </test-method> <!-- reg -->
        <test-method signature="getUsers()[pri:0, instance:GetUserInfoTest@7741771e]" started-at="2021-12-29T18:11:34 MSK" name="getUsers" finished-at="2021-12-29T18:11:34 MSK" duration-ms="578" status="PASS">
          <reporter-output>
          </reporter-output>
        </test-method> <!-- getUsers -->
        <test-method is-config="true" signature="delete()[pri:0, instance:GetUserInfoTest@7741771e]" started-at="2021-12-29T18:11:34 MSK" name="delete" finished-at="2021-12-29T18:11:34 MSK" duration-ms="175" status="PASS">
          <reporter-output>
          </reporter-output>
        </test-method> <!-- delete -->
      </class> <!-- GetUserInfoTest -->
      <class name="WrongGetUserInfoTest">
        <test-method signature="withWrongUserId()[pri:0, instance:WrongGetUserInfoTest@7fd99443]" started-at="2021-12-29T18:12:23 MSK" name="withWrongUserId" finished-at="2021-12-29T18:12:24 MSK" duration-ms="212" status="PASS">
          <reporter-output>
          </reporter-output>
        </test-method> <!-- withWrongUserId -->
      </class> <!-- WrongGetUserInfoTest -->
    </test> <!-- Command line test -->
  </suite> <!-- Command line suite -->
</testng-results>
