-------------------------------------------------------------------------------
Test set: TestSuite
-------------------------------------------------------------------------------
Tests run: 78, Failures: 37, Errors: 0, Skipped: 24, Time elapsed: 29.585 sec <<< FAILURE!
successAuthorizationTest(SuccessAuthorizationTest)  Time elapsed: 0.006 sec  <<< FAILURE!
java.lang.NullPointerException: Cannot invoke "io.restassured.response.Response.jsonPath()" because "this.response" is null
	at SuccessAuthorizationTest.successAuthorizationTest(SuccessAuthorizationTest.java:11)

createPostTest(CreatePostTest)  Time elapsed: 0.001 sec  <<< FAILURE!
java.lang.IllegalArgumentException: Header value cannot be null
	at java.base/jdk.internal.reflect.NativeConstructorAccessorImpl.newInstance0(Native Method)
	at java.base/jdk.internal.reflect.NativeConstructorAccessorImpl.newInstance(NativeConstructorAccessorImpl.java:77)
	at java.base/jdk.internal.reflect.DelegatingConstructorAccessorImpl.newInstance(DelegatingConstructorAccessorImpl.java:45)
	at java.base/java.lang.reflect.Constructor.newInstanceWithCaller(Constructor.java:499)
	at java.base/java.lang.reflect.Constructor.newInstance(Constructor.java:480)
	at org.codehaus.groovy.reflection.CachedConstructor.invoke(CachedConstructor.java:72)
	at org.codehaus.groovy.reflection.CachedConstructor.doConstructorInvoke(CachedConstructor.java:59)
	at org.codehaus.groovy.runtime.callsite.ConstructorSite$ConstructorSiteNoUnwrap.callConstructor(ConstructorSite.java:84)
	at org.codehaus.groovy.runtime.callsite.CallSiteArray.defaultCallConstructor(CallSiteArray.java:59)
	at org.codehaus.groovy.runtime.callsite.AbstractCallSite.callConstructor(AbstractCallSite.java:263)
	at org.codehaus.groovy.runtime.callsite.AbstractCallSite.callConstructor(AbstractCallSite.java:277)
	at io.restassured.internal.common.assertion.AssertParameter.notNull(AssertParameter.groovy:26)
	at io.restassured.internal.common.assertion.AssertParameter$notNull.callStatic(Unknown Source)
	at org.codehaus.groovy.runtime.callsite.CallSiteArray.defaultCallStatic(CallSiteArray.java:55)
	at io.restassured.internal.common.assertion.AssertParameter$notNull.callStatic(Unknown Source)
	at io.restassured.internal.RequestSpecificationImpl.header(RequestSpecificationImpl.groovy:843)
	at Methods.createPost(Methods.java:106)
	at CreatePostTest.createPostTest(CreatePostTest.java:17)

getUserInfoByIdTest(GetUserInfoTest)  Time elapsed: 0 sec  <<< FAILURE!
java.lang.NullPointerException: Cannot invoke "io.restassured.response.Response.jsonPath()" because "this.response" is null
	at GetUserInfoTest.getUserInfoByIdTest(GetUserInfoTest.java:12)

getUsers(GetUserInfoTest)  Time elapsed: 0 sec  <<< FAILURE!
java.lang.IllegalArgumentException: Header value cannot be null
	at java.base/jdk.internal.reflect.NativeConstructorAccessorImpl.newInstance0(Native Method)
	at java.base/jdk.internal.reflect.NativeConstructorAccessorImpl.newInstance(NativeConstructorAccessorImpl.java:77)
	at java.base/jdk.internal.reflect.DelegatingConstructorAccessorImpl.newInstance(DelegatingConstructorAccessorImpl.java:45)
	at java.base/java.lang.reflect.Constructor.newInstanceWithCaller(Constructor.java:499)
	at java.base/java.lang.reflect.Constructor.newInstance(Constructor.java:480)
	at org.codehaus.groovy.reflection.CachedConstructor.invoke(CachedConstructor.java:72)
	at org.codehaus.groovy.reflection.CachedConstructor.doConstructorInvoke(CachedConstructor.java:59)
	at org.codehaus.groovy.runtime.callsite.ConstructorSite$ConstructorSiteNoUnwrap.callConstructor(ConstructorSite.java:84)
	at org.codehaus.groovy.runtime.callsite.AbstractCallSite.callConstructor(AbstractCallSite.java:277)
	at io.restassured.internal.common.assertion.AssertParameter.notNull(AssertParameter.groovy:26)
	at io.restassured.internal.common.assertion.AssertParameter$notNull.callStatic(Unknown Source)
	at io.restassured.internal.RequestSpecificationImpl.header(RequestSpecificationImpl.groovy:843)
	at GetUserInfoTest.getUsers(GetUserInfoTest.java:44)

WithoutEmail(WrongLoginTest)  Time elapsed: 0.001 sec  <<< FAILURE!
org.assertj.core.error.AssertJMultipleFailuresError: 
Multiple Failures (1 failure)
-- failure 1 --
Expecting ArrayList:
 <[4]>
to contain:
 <[8]>
but could not find the following element(s):
 <[8]>
at WrongLoginTest.WithoutEmail(WrongLoginTest.java:240)
	at java.base/jdk.internal.reflect.NativeConstructorAccessorImpl.newInstance0(Native Method)
	at java.base/jdk.internal.reflect.NativeConstructorAccessorImpl.newInstance(NativeConstructorAccessorImpl.java:77)
	at java.base/jdk.internal.reflect.DelegatingConstructorAccessorImpl.newInstance(DelegatingConstructorAccessorImpl.java:45)
	at java.base/java.lang.reflect.Constructor.newInstanceWithCaller(Constructor.java:499)
	at WrongLoginTest.WithoutEmail(WrongLoginTest.java:242)

correctEmailWithoutPassword(WrongLoginTest)  Time elapsed: 0 sec  <<< FAILURE!
org.assertj.core.error.AssertJMultipleFailuresError: 
Multiple Failures (2 failures)
-- failure 1 --
Expecting ArrayList:
 <[4]>
to contain:
 <[8]>
but could not find the following element(s):
 <[8]>
at WrongLoginTest.WithoutEmail(WrongLoginTest.java:240)
-- failure 2 --
Expecting ArrayList:
 <[5]>
to contain:
 <[26]>
but could not find the following element(s):
 <[26]>
at WrongLoginTest.correctEmailWithoutPassword(WrongLoginTest.java:221)
	at java.base/jdk.internal.reflect.NativeConstructorAccessorImpl.newInstance0(Native Method)
	at java.base/jdk.internal.reflect.NativeConstructorAccessorImpl.newInstance(NativeConstructorAccessorImpl.java:77)
	at java.base/jdk.internal.reflect.DelegatingConstructorAccessorImpl.newInstance(DelegatingConstructorAccessorImpl.java:45)
	at java.base/java.lang.reflect.Constructor.newInstanceWithCaller(Constructor.java:499)
	at WrongLoginTest.correctEmailWithoutPassword(WrongLoginTest.java:223)

emptyEmail(WrongLoginTest)  Time elapsed: 0 sec  <<< FAILURE!
org.assertj.core.error.AssertJMultipleFailuresError: 
Multiple Failures (3 failures)
-- failure 1 --
Expecting ArrayList:
 <[4]>
to contain:
 <[8]>
but could not find the following element(s):
 <[8]>
at WrongLoginTest.WithoutEmail(WrongLoginTest.java:240)
-- failure 2 --
Expecting ArrayList:
 <[5]>
to contain:
 <[26]>
but could not find the following element(s):
 <[26]>
at WrongLoginTest.correctEmailWithoutPassword(WrongLoginTest.java:221)
-- failure 3 --
Expecting ArrayList:
 <[3]>
to contain:
 <[8]>
but could not find the following element(s):
 <[8]>
at WrongLoginTest.emptyEmail(WrongLoginTest.java:163)
	at java.base/jdk.internal.reflect.NativeConstructorAccessorImpl.newInstance0(Native Method)
	at java.base/jdk.internal.reflect.NativeConstructorAccessorImpl.newInstance(NativeConstructorAccessorImpl.java:77)
	at java.base/jdk.internal.reflect.DelegatingConstructorAccessorImpl.newInstance(DelegatingConstructorAccessorImpl.java:45)
	at java.base/java.lang.reflect.Constructor.newInstanceWithCaller(Constructor.java:499)
	at WrongLoginTest.emptyEmail(WrongLoginTest.java:164)

emptyEmailAndPassword(WrongLoginTest)  Time elapsed: 0 sec  <<< FAILURE!
org.assertj.core.error.AssertJMultipleFailuresError: 
Multiple Failures (4 failures)
-- failure 1 --
Expecting ArrayList:
 <[4]>
to contain:
 <[8]>
but could not find the following element(s):
 <[8]>
at WrongLoginTest.WithoutEmail(WrongLoginTest.java:240)
-- failure 2 --
Expecting ArrayList:
 <[5]>
to contain:
 <[26]>
but could not find the following element(s):
 <[26]>
at WrongLoginTest.correctEmailWithoutPassword(WrongLoginTest.java:221)
-- failure 3 --
Expecting ArrayList:
 <[3]>
to contain:
 <[8]>
but could not find the following element(s):
 <[8]>
at WrongLoginTest.emptyEmail(WrongLoginTest.java:163)
-- failure 4 --
Expecting ArrayList:
 <[3]>
to contain:
 <[8, 9]>
but could not find the following element(s):
 <[8, 9]>
at WrongLoginTest.emptyEmailAndPassword(WrongLoginTest.java:202)
	at java.base/jdk.internal.reflect.NativeConstructorAccessorImpl.newInstance0(Native Method)
	at java.base/jdk.internal.reflect.NativeConstructorAccessorImpl.newInstance(NativeConstructorAccessorImpl.java:77)
	at java.base/jdk.internal.reflect.DelegatingConstructorAccessorImpl.newInstance(DelegatingConstructorAccessorImpl.java:45)
	at java.base/java.lang.reflect.Constructor.newInstanceWithCaller(Constructor.java:499)
	at WrongLoginTest.emptyEmailAndPassword(WrongLoginTest.java:204)

emptyPassword(WrongLoginTest)  Time elapsed: 0.001 sec  <<< FAILURE!
org.assertj.core.error.AssertJMultipleFailuresError: 
Multiple Failures (5 failures)
-- failure 1 --
Expecting ArrayList:
 <[4]>
to contain:
 <[8]>
but could not find the following element(s):
 <[8]>
at WrongLoginTest.WithoutEmail(WrongLoginTest.java:240)
-- failure 2 --
Expecting ArrayList:
 <[5]>
to contain:
 <[26]>
but could not find the following element(s):
 <[26]>
at WrongLoginTest.correctEmailWithoutPassword(WrongLoginTest.java:221)
-- failure 3 --
Expecting ArrayList:
 <[3]>
to contain:
 <[8]>
but could not find the following element(s):
 <[8]>
at WrongLoginTest.emptyEmail(WrongLoginTest.java:163)
-- failure 4 --
Expecting ArrayList:
 <[3]>
to contain:
 <[8, 9]>
but could not find the following element(s):
 <[8, 9]>
at WrongLoginTest.emptyEmailAndPassword(WrongLoginTest.java:202)
-- failure 5 --
Expecting ArrayList:
 <[5]>
to contain:
 <[9]>
but could not find the following element(s):
 <[9]>
at WrongLoginTest.emptyPassword(WrongLoginTest.java:183)
	at java.base/jdk.internal.reflect.NativeConstructorAccessorImpl.newInstance0(Native Method)
	at java.base/jdk.internal.reflect.NativeConstructorAccessorImpl.newInstance(NativeConstructorAccessorImpl.java:77)
	at java.base/jdk.internal.reflect.DelegatingConstructorAccessorImpl.newInstance(DelegatingConstructorAccessorImpl.java:45)
	at java.base/java.lang.reflect.Constructor.newInstanceWithCaller(Constructor.java:499)
	at WrongLoginTest.emptyPassword(WrongLoginTest.java:184)

incorrectEmail1(WrongLoginTest)  Time elapsed: 0 sec  <<< FAILURE!
org.assertj.core.error.AssertJMultipleFailuresError: 
Multiple Failures (6 failures)
-- failure 1 --
Expecting ArrayList:
 <[4]>
to contain:
 <[8]>
but could not find the following element(s):
 <[8]>
at WrongLoginTest.WithoutEmail(WrongLoginTest.java:240)
-- failure 2 --
Expecting ArrayList:
 <[5]>
to contain:
 <[26]>
but could not find the following element(s):
 <[26]>
at WrongLoginTest.correctEmailWithoutPassword(WrongLoginTest.java:221)
-- failure 3 --
Expecting ArrayList:
 <[3]>
to contain:
 <[8]>
but could not find the following element(s):
 <[8]>
at WrongLoginTest.emptyEmail(WrongLoginTest.java:163)
-- failure 4 --
Expecting ArrayList:
 <[3]>
to contain:
 <[8, 9]>
but could not find the following element(s):
 <[8, 9]>
at WrongLoginTest.emptyEmailAndPassword(WrongLoginTest.java:202)
-- failure 5 --
Expecting ArrayList:
 <[5]>
to contain:
 <[9]>
but could not find the following element(s):
 <[9]>
at WrongLoginTest.emptyPassword(WrongLoginTest.java:183)
-- failure 6 --
Expecting ArrayList:
 <[0]>
to contain:
 <[17]>
but could not find the following element(s):
 <[17]>
at WrongLoginTest.incorrectEmail1(WrongLoginTest.java:40)
	at java.base/jdk.internal.reflect.NativeConstructorAccessorImpl.newInstance0(Native Method)
	at java.base/jdk.internal.reflect.NativeConstructorAccessorImpl.newInstance(NativeConstructorAccessorImpl.java:77)
	at java.base/jdk.internal.reflect.DelegatingConstructorAccessorImpl.newInstance(DelegatingConstructorAccessorImpl.java:45)
	at java.base/java.lang.reflect.Constructor.newInstanceWithCaller(Constructor.java:499)
	at WrongLoginTest.incorrectEmail1(WrongLoginTest.java:41)

incorrectEmail2(WrongLoginTest)  Time elapsed: 0 sec  <<< FAILURE!
org.assertj.core.error.AssertJMultipleFailuresError: 
Multiple Failures (7 failures)
-- failure 1 --
Expecting ArrayList:
 <[4]>
to contain:
 <[8]>
but could not find the following element(s):
 <[8]>
at WrongLoginTest.WithoutEmail(WrongLoginTest.java:240)
-- failure 2 --
Expecting ArrayList:
 <[5]>
to contain:
 <[26]>
but could not find the following element(s):
 <[26]>
at WrongLoginTest.correctEmailWithoutPassword(WrongLoginTest.java:221)
-- failure 3 --
Expecting ArrayList:
 <[3]>
to contain:
 <[8]>
but could not find the following element(s):
 <[8]>
at WrongLoginTest.emptyEmail(WrongLoginTest.java:163)
-- failure 4 --
Expecting ArrayList:
 <[3]>
to contain:
 <[8, 9]>
but could not find the following element(s):
 <[8, 9]>
at WrongLoginTest.emptyEmailAndPassword(WrongLoginTest.java:202)
-- failure 5 --
Expecting ArrayList:
 <[5]>
to contain:
 <[9]>
but could not find the following element(s):
 <[9]>
at WrongLoginTest.emptyPassword(WrongLoginTest.java:183)
-- failure 6 --
Expecting ArrayList:
 <[0]>
to contain:
 <[17]>
but could not find the following element(s):
 <[17]>
at WrongLoginTest.incorrectEmail1(WrongLoginTest.java:40)
-- failure 7 --
Expecting ArrayList:
 <[0]>
to contain:
 <[17]>
but could not find the following element(s):
 <[17]>
at WrongLoginTest.incorrectEmail2(WrongLoginTest.java:59)
	at java.base/jdk.internal.reflect.NativeConstructorAccessorImpl.newInstance0(Native Method)
	at java.base/jdk.internal.reflect.NativeConstructorAccessorImpl.newInstance(NativeConstructorAccessorImpl.java:77)
	at java.base/jdk.internal.reflect.DelegatingConstructorAccessorImpl.newInstance(DelegatingConstructorAccessorImpl.java:45)
	at java.base/java.lang.reflect.Constructor.newInstanceWithCaller(Constructor.java:499)
	at WrongLoginTest.incorrectEmail2(WrongLoginTest.java:60)

incorrectEmail3(WrongLoginTest)  Time elapsed: 0.024 sec  <<< FAILURE!
org.assertj.core.error.AssertJMultipleFailuresError: 
Multiple Failures (8 failures)
-- failure 1 --
Expecting ArrayList:
 <[4]>
to contain:
 <[8]>
but could not find the following element(s):
 <[8]>
at WrongLoginTest.WithoutEmail(WrongLoginTest.java:240)
-- failure 2 --
Expecting ArrayList:
 <[5]>
to contain:
 <[26]>
but could not find the following element(s):
 <[26]>
at WrongLoginTest.correctEmailWithoutPassword(WrongLoginTest.java:221)
-- failure 3 --
Expecting ArrayList:
 <[3]>
to contain:
 <[8]>
but could not find the following element(s):
 <[8]>
at WrongLoginTest.emptyEmail(WrongLoginTest.java:163)
-- failure 4 --
Expecting ArrayList:
 <[3]>
to contain:
 <[8, 9]>
but could not find the following element(s):
 <[8, 9]>
at WrongLoginTest.emptyEmailAndPassword(WrongLoginTest.java:202)
-- failure 5 --
Expecting ArrayList:
 <[5]>
to contain:
 <[9]>
but could not find the following element(s):
 <[9]>
at WrongLoginTest.emptyPassword(WrongLoginTest.java:183)
-- failure 6 --
Expecting ArrayList:
 <[0]>
to contain:
 <[17]>
but could not find the following element(s):
 <[17]>
at WrongLoginTest.incorrectEmail1(WrongLoginTest.java:40)
-- failure 7 --
Expecting ArrayList:
 <[0]>
to contain:
 <[17]>
but could not find the following element(s):
 <[17]>
at WrongLoginTest.incorrectEmail2(WrongLoginTest.java:59)
-- failure 8 --
Expecting ArrayList:
 <[5]>
to contain:
 <[17]>
but could not find the following element(s):
 <[17]>
at WrongLoginTest.incorrectEmail3(WrongLoginTest.java:80)
	at java.base/jdk.internal.reflect.NativeConstructorAccessorImpl.newInstance0(Native Method)
	at java.base/jdk.internal.reflect.NativeConstructorAccessorImpl.newInstance(NativeConstructorAccessorImpl.java:77)
	at java.base/jdk.internal.reflect.DelegatingConstructorAccessorImpl.newInstance(DelegatingConstructorAccessorImpl.java:45)
	at java.base/java.lang.reflect.Constructor.newInstanceWithCaller(Constructor.java:499)
	at WrongLoginTest.incorrectEmail3(WrongLoginTest.java:81)

incorrectEmail4(WrongLoginTest)  Time elapsed: 0.23 sec  <<< FAILURE!
org.assertj.core.error.AssertJMultipleFailuresError: 
Multiple Failures (9 failures)
-- failure 1 --
Expecting ArrayList:
 <[4]>
to contain:
 <[8]>
but could not find the following element(s):
 <[8]>
at WrongLoginTest.WithoutEmail(WrongLoginTest.java:240)
-- failure 2 --
Expecting ArrayList:
 <[5]>
to contain:
 <[26]>
but could not find the following element(s):
 <[26]>
at WrongLoginTest.correctEmailWithoutPassword(WrongLoginTest.java:221)
-- failure 3 --
Expecting ArrayList:
 <[3]>
to contain:
 <[8]>
but could not find the following element(s):
 <[8]>
at WrongLoginTest.emptyEmail(WrongLoginTest.java:163)
-- failure 4 --
Expecting ArrayList:
 <[3]>
to contain:
 <[8, 9]>
but could not find the following element(s):
 <[8, 9]>
at WrongLoginTest.emptyEmailAndPassword(WrongLoginTest.java:202)
-- failure 5 --
Expecting ArrayList:
 <[5]>
to contain:
 <[9]>
but could not find the following element(s):
 <[9]>
at WrongLoginTest.emptyPassword(WrongLoginTest.java:183)
-- failure 6 --
Expecting ArrayList:
 <[0]>
to contain:
 <[17]>
but could not find the following element(s):
 <[17]>
at WrongLoginTest.incorrectEmail1(WrongLoginTest.java:40)
-- failure 7 --
Expecting ArrayList:
 <[0]>
to contain:
 <[17]>
but could not find the following element(s):
 <[17]>
at WrongLoginTest.incorrectEmail2(WrongLoginTest.java:59)
-- failure 8 --
Expecting ArrayList:
 <[5]>
to contain:
 <[17]>
but could not find the following element(s):
 <[17]>
at WrongLoginTest.incorrectEmail3(WrongLoginTest.java:80)
-- failure 9 --
Expecting ArrayList:
 <[0]>
to contain:
 <[17]>
but could not find the following element(s):
 <[17]>
at WrongLoginTest.incorrectEmail4(WrongLoginTest.java:102)
	at java.base/jdk.internal.reflect.NativeConstructorAccessorImpl.newInstance0(Native Method)
	at java.base/jdk.internal.reflect.NativeConstructorAccessorImpl.newInstance(NativeConstructorAccessorImpl.java:77)
	at java.base/jdk.internal.reflect.DelegatingConstructorAccessorImpl.newInstance(DelegatingConstructorAccessorImpl.java:45)
	at java.base/java.lang.reflect.Constructor.newInstanceWithCaller(Constructor.java:499)
	at WrongLoginTest.incorrectEmail4(WrongLoginTest.java:104)

incorrectEmail5(WrongLoginTest)  Time elapsed: 0.199 sec  <<< FAILURE!
org.assertj.core.error.AssertJMultipleFailuresError: 
Multiple Failures (10 failures)
-- failure 1 --
Expecting ArrayList:
 <[4]>
to contain:
 <[8]>
but could not find the following element(s):
 <[8]>
at WrongLoginTest.WithoutEmail(WrongLoginTest.java:240)
-- failure 2 --
Expecting ArrayList:
 <[5]>
to contain:
 <[26]>
but could not find the following element(s):
 <[26]>
at WrongLoginTest.correctEmailWithoutPassword(WrongLoginTest.java:221)
-- failure 3 --
Expecting ArrayList:
 <[3]>
to contain:
 <[8]>
but could not find the following element(s):
 <[8]>
at WrongLoginTest.emptyEmail(WrongLoginTest.java:163)
-- failure 4 --
Expecting ArrayList:
 <[3]>
to contain:
 <[8, 9]>
but could not find the following element(s):
 <[8, 9]>
at WrongLoginTest.emptyEmailAndPassword(WrongLoginTest.java:202)
-- failure 5 --
Expecting ArrayList:
 <[5]>
to contain:
 <[9]>
but could not find the following element(s):
 <[9]>
at WrongLoginTest.emptyPassword(WrongLoginTest.java:183)
-- failure 6 --
Expecting ArrayList:
 <[0]>
to contain:
 <[17]>
but could not find the following element(s):
 <[17]>
at WrongLoginTest.incorrectEmail1(WrongLoginTest.java:40)
-- failure 7 --
Expecting ArrayList:
 <[0]>
to contain:
 <[17]>
but could not find the following element(s):
 <[17]>
at WrongLoginTest.incorrectEmail2(WrongLoginTest.java:59)
-- failure 8 --
Expecting ArrayList:
 <[5]>
to contain:
 <[17]>
but could not find the following element(s):
 <[17]>
at WrongLoginTest.incorrectEmail3(WrongLoginTest.java:80)
-- failure 9 --
Expecting ArrayList:
 <[0]>
to contain:
 <[17]>
but could not find the following element(s):
 <[17]>
at WrongLoginTest.incorrectEmail4(WrongLoginTest.java:102)
-- failure 10 --
Expecting ArrayList:
 <[5]>
to contain:
 <[17]>
but could not find the following element(s):
 <[17]>
at WrongLoginTest.incorrectEmail5(WrongLoginTest.java:123)
	at java.base/jdk.internal.reflect.NativeConstructorAccessorImpl.newInstance0(Native Method)
	at java.base/jdk.internal.reflect.NativeConstructorAccessorImpl.newInstance(NativeConstructorAccessorImpl.java:77)
	at java.base/jdk.internal.reflect.DelegatingConstructorAccessorImpl.newInstance(DelegatingConstructorAccessorImpl.java:45)
	at java.base/java.lang.reflect.Constructor.newInstanceWithCaller(Constructor.java:499)
	at WrongLoginTest.incorrectEmail5(WrongLoginTest.java:124)

userDoesNotExist(WrongLoginTest)  Time elapsed: 0.22 sec  <<< FAILURE!
org.assertj.core.error.AssertJMultipleFailuresError: 
Multiple Failures (10 failures)
-- failure 1 --
Expecting ArrayList:
 <[4]>
to contain:
 <[8]>
but could not find the following element(s):
 <[8]>
at WrongLoginTest.WithoutEmail(WrongLoginTest.java:240)
-- failure 2 --
Expecting ArrayList:
 <[5]>
to contain:
 <[26]>
but could not find the following element(s):
 <[26]>
at WrongLoginTest.correctEmailWithoutPassword(WrongLoginTest.java:221)
-- failure 3 --
Expecting ArrayList:
 <[3]>
to contain:
 <[8]>
but could not find the following element(s):
 <[8]>
at WrongLoginTest.emptyEmail(WrongLoginTest.java:163)
-- failure 4 --
Expecting ArrayList:
 <[3]>
to contain:
 <[8, 9]>
but could not find the following element(s):
 <[8, 9]>
at WrongLoginTest.emptyEmailAndPassword(WrongLoginTest.java:202)
-- failure 5 --
Expecting ArrayList:
 <[5]>
to contain:
 <[9]>
but could not find the following element(s):
 <[9]>
at WrongLoginTest.emptyPassword(WrongLoginTest.java:183)
-- failure 6 --
Expecting ArrayList:
 <[0]>
to contain:
 <[17]>
but could not find the following element(s):
 <[17]>
at WrongLoginTest.incorrectEmail1(WrongLoginTest.java:40)
-- failure 7 --
Expecting ArrayList:
 <[0]>
to contain:
 <[17]>
but could not find the following element(s):
 <[17]>
at WrongLoginTest.incorrectEmail2(WrongLoginTest.java:59)
-- failure 8 --
Expecting ArrayList:
 <[5]>
to contain:
 <[17]>
but could not find the following element(s):
 <[17]>
at WrongLoginTest.incorrectEmail3(WrongLoginTest.java:80)
-- failure 9 --
Expecting ArrayList:
 <[0]>
to contain:
 <[17]>
but could not find the following element(s):
 <[17]>
at WrongLoginTest.incorrectEmail4(WrongLoginTest.java:102)
-- failure 10 --
Expecting ArrayList:
 <[5]>
to contain:
 <[17]>
but could not find the following element(s):
 <[17]>
at WrongLoginTest.incorrectEmail5(WrongLoginTest.java:123)
	at java.base/jdk.internal.reflect.NativeConstructorAccessorImpl.newInstance0(Native Method)
	at java.base/jdk.internal.reflect.NativeConstructorAccessorImpl.newInstance(NativeConstructorAccessorImpl.java:77)
	at java.base/jdk.internal.reflect.DelegatingConstructorAccessorImpl.newInstance(DelegatingConstructorAccessorImpl.java:45)
	at java.base/java.lang.reflect.Constructor.newInstanceWithCaller(Constructor.java:499)
	at WrongLoginTest.userDoesNotExist(WrongLoginTest.java:144)

withoutEmailAndPassword(WrongLoginTest)  Time elapsed: 0.215 sec  <<< FAILURE!
org.assertj.core.error.AssertJMultipleFailuresError: 
Multiple Failures (11 failures)
-- failure 1 --
Expecting ArrayList:
 <[4]>
to contain:
 <[8]>
but could not find the following element(s):
 <[8]>
at WrongLoginTest.WithoutEmail(WrongLoginTest.java:240)
-- failure 2 --
Expecting ArrayList:
 <[5]>
to contain:
 <[26]>
but could not find the following element(s):
 <[26]>
at WrongLoginTest.correctEmailWithoutPassword(WrongLoginTest.java:221)
-- failure 3 --
Expecting ArrayList:
 <[3]>
to contain:
 <[8]>
but could not find the following element(s):
 <[8]>
at WrongLoginTest.emptyEmail(WrongLoginTest.java:163)
-- failure 4 --
Expecting ArrayList:
 <[3]>
to contain:
 <[8, 9]>
but could not find the following element(s):
 <[8, 9]>
at WrongLoginTest.emptyEmailAndPassword(WrongLoginTest.java:202)
-- failure 5 --
Expecting ArrayList:
 <[5]>
to contain:
 <[9]>
but could not find the following element(s):
 <[9]>
at WrongLoginTest.emptyPassword(WrongLoginTest.java:183)
-- failure 6 --
Expecting ArrayList:
 <[0]>
to contain:
 <[17]>
but could not find the following element(s):
 <[17]>
at WrongLoginTest.incorrectEmail1(WrongLoginTest.java:40)
-- failure 7 --
Expecting ArrayList:
 <[0]>
to contain:
 <[17]>
but could not find the following element(s):
 <[17]>
at WrongLoginTest.incorrectEmail2(WrongLoginTest.java:59)
-- failure 8 --
Expecting ArrayList:
 <[5]>
to contain:
 <[17]>
but could not find the following element(s):
 <[17]>
at WrongLoginTest.incorrectEmail3(WrongLoginTest.java:80)
-- failure 9 --
Expecting ArrayList:
 <[0]>
to contain:
 <[17]>
but could not find the following element(s):
 <[17]>
at WrongLoginTest.incorrectEmail4(WrongLoginTest.java:102)
-- failure 10 --
Expecting ArrayList:
 <[5]>
to contain:
 <[17]>
but could not find the following element(s):
 <[17]>
at WrongLoginTest.incorrectEmail5(WrongLoginTest.java:123)
-- failure 11 --
Expecting ArrayList:
 <[5]>
to contain:
 <[8, 26]>
but could not find the following element(s):
 <[8, 26]>
at WrongLoginTest.withoutEmailAndPassword(WrongLoginTest.java:259)
	at java.base/jdk.internal.reflect.NativeConstructorAccessorImpl.newInstance0(Native Method)
	at java.base/jdk.internal.reflect.NativeConstructorAccessorImpl.newInstance(NativeConstructorAccessorImpl.java:77)
	at java.base/jdk.internal.reflect.DelegatingConstructorAccessorImpl.newInstance(DelegatingConstructorAccessorImpl.java:45)
	at java.base/java.lang.reflect.Constructor.newInstanceWithCaller(Constructor.java:499)
	at WrongLoginTest.withoutEmailAndPassword(WrongLoginTest.java:261)

deletePostTest(DeletePostTest)  Time elapsed: 0 sec  <<< FAILURE!
java.lang.IllegalArgumentException: Header value cannot be null
	at java.base/jdk.internal.reflect.NativeConstructorAccessorImpl.newInstance0(Native Method)
	at java.base/jdk.internal.reflect.NativeConstructorAccessorImpl.newInstance(NativeConstructorAccessorImpl.java:77)
	at java.base/jdk.internal.reflect.DelegatingConstructorAccessorImpl.newInstance(DelegatingConstructorAccessorImpl.java:45)
	at java.base/java.lang.reflect.Constructor.newInstanceWithCaller(Constructor.java:499)
	at java.base/java.lang.reflect.Constructor.newInstance(Constructor.java:480)
	at org.codehaus.groovy.reflection.CachedConstructor.invoke(CachedConstructor.java:72)
	at org.codehaus.groovy.reflection.CachedConstructor.doConstructorInvoke(CachedConstructor.java:59)
	at org.codehaus.groovy.runtime.callsite.ConstructorSite$ConstructorSiteNoUnwrap.callConstructor(ConstructorSite.java:84)
	at org.codehaus.groovy.runtime.callsite.AbstractCallSite.callConstructor(AbstractCallSite.java:277)
	at io.restassured.internal.common.assertion.AssertParameter.notNull(AssertParameter.groovy:26)
	at io.restassured.internal.common.assertion.AssertParameter$notNull.callStatic(Unknown Source)
	at org.codehaus.groovy.runtime.callsite.CallSiteArray.defaultCallStatic(CallSiteArray.java:55)
	at io.restassured.internal.common.assertion.AssertParameter$notNull.callStatic(Unknown Source)
	at io.restassured.internal.RequestSpecificationImpl.header(RequestSpecificationImpl.groovy:843)
	at Methods.createPost(Methods.java:106)
	at DeletePostTest.deletePostTest(DeletePostTest.java:18)

createPost(WrongGetUserPostTest)  Time elapsed: 0.008 sec  <<< FAILURE!
java.lang.NullPointerException: Cannot invoke "io.restassured.response.Response.jsonPath()" because "this.response" is null
	at GetPostTest.createPost(GetPostTest.java:21)
	at java.base/jdk.internal.reflect.NativeMethodAccessorImpl.invoke0(Native Method)
	at java.base/jdk.internal.reflect.NativeMethodAccessorImpl.invoke(NativeMethodAccessorImpl.java:77)
	at java.base/jdk.internal.reflect.DelegatingMethodAccessorImpl.invoke(DelegatingMethodAccessorImpl.java:43)
	at java.base/java.lang.reflect.Method.invoke(Method.java:568)
	at org.testng.internal.MethodInvocationHelper.invokeMethod(MethodInvocationHelper.java:133)
	at org.testng.internal.MethodInvocationHelper.invokeMethodConsideringTimeout(MethodInvocationHelper.java:62)
	at org.testng.internal.ConfigInvoker.invokeConfigurationMethod(ConfigInvoker.java:385)
	at org.testng.internal.ConfigInvoker.invokeConfigurations(ConfigInvoker.java:321)
	at org.testng.internal.TestInvoker.runConfigMethods(TestInvoker.java:700)
	at org.testng.internal.TestInvoker.invokeMethod(TestInvoker.java:527)
	at org.testng.internal.TestInvoker.invokeTestMethod(TestInvoker.java:173)
	at org.testng.internal.MethodRunner.runInSequence(MethodRunner.java:46)
	at org.testng.internal.TestInvoker$MethodInvocationAgent.invoke(TestInvoker.java:824)
	at org.testng.internal.TestInvoker.invokeTestMethods(TestInvoker.java:146)
	at org.testng.internal.TestMethodWorker.invokeTestMethods(TestMethodWorker.java:146)
	at org.testng.internal.TestMethodWorker.run(TestMethodWorker.java:128)
	at java.base/java.util.ArrayList.forEach(ArrayList.java:1511)
	at org.testng.TestRunner.privateRun(TestRunner.java:794)
	at org.testng.TestRunner.run(TestRunner.java:596)
	at org.testng.SuiteRunner.runTest(SuiteRunner.java:377)
	at org.testng.SuiteRunner.runSequentially(SuiteRunner.java:371)
	at org.testng.SuiteRunner.privateRun(SuiteRunner.java:332)
	at org.testng.SuiteRunner.run(SuiteRunner.java:276)
	at org.testng.SuiteRunnerWorker.runSuite(SuiteRunnerWorker.java:53)
	at org.testng.SuiteRunnerWorker.run(SuiteRunnerWorker.java:96)
	at org.testng.TestNG.runSuitesSequentially(TestNG.java:1212)
	at org.testng.TestNG.runSuitesLocally(TestNG.java:1134)
	at org.testng.TestNG.runSuites(TestNG.java:1063)
	at org.testng.TestNG.run(TestNG.java:1031)
	at org.apache.maven.surefire.testng.TestNGExecutor.run(TestNGExecutor.java:77)
	at org.apache.maven.surefire.testng.TestNGDirectoryTestSuite.executeMulti(TestNGDirectoryTestSuite.java:159)
	at org.apache.maven.surefire.testng.TestNGDirectoryTestSuite.execute(TestNGDirectoryTestSuite.java:99)
	at org.apache.maven.surefire.testng.TestNGProvider.invoke(TestNGProvider.java:106)
	at java.base/jdk.internal.reflect.NativeMethodAccessorImpl.invoke0(Native Method)
	at java.base/jdk.internal.reflect.NativeMethodAccessorImpl.invoke(NativeMethodAccessorImpl.java:77)
	at java.base/jdk.internal.reflect.DelegatingMethodAccessorImpl.invoke(DelegatingMethodAccessorImpl.java:43)
	at java.base/java.lang.reflect.Method.invoke(Method.java:568)
	at org.apache.maven.surefire.util.ReflectionUtils.invokeMethodWithArray(ReflectionUtils.java:189)
	at org.apache.maven.surefire.booter.ProviderFactory$ProviderProxy.invoke(ProviderFactory.java:165)
	at org.apache.maven.surefire.booter.ProviderFactory.invokeProvider(ProviderFactory.java:85)
	at org.apache.maven.surefire.booter.ForkedBooter.runSuitesInProcess(ForkedBooter.java:115)
	at org.apache.maven.surefire.booter.ForkedBooter.main(ForkedBooter.java:75)

deletePostTestWithWrongId(WrongDeletePostTest)  Time elapsed: 0.001 sec  <<< FAILURE!
java.lang.IllegalArgumentException: Header value cannot be null
	at java.base/jdk.internal.reflect.NativeConstructorAccessorImpl.newInstance0(Native Method)
	at java.base/jdk.internal.reflect.NativeConstructorAccessorImpl.newInstance(NativeConstructorAccessorImpl.java:77)
	at java.base/jdk.internal.reflect.DelegatingConstructorAccessorImpl.newInstance(DelegatingConstructorAccessorImpl.java:45)
	at java.base/java.lang.reflect.Constructor.newInstanceWithCaller(Constructor.java:499)
	at java.base/java.lang.reflect.Constructor.newInstance(Constructor.java:480)
	at org.codehaus.groovy.reflection.CachedConstructor.invoke(CachedConstructor.java:72)
	at org.codehaus.groovy.reflection.CachedConstructor.doConstructorInvoke(CachedConstructor.java:59)
	at org.codehaus.groovy.runtime.callsite.ConstructorSite$ConstructorSiteNoUnwrap.callConstructor(ConstructorSite.java:84)
	at org.codehaus.groovy.runtime.callsite.AbstractCallSite.callConstructor(AbstractCallSite.java:277)
	at io.restassured.internal.common.assertion.AssertParameter.notNull(AssertParameter.groovy:26)
	at io.restassured.internal.common.assertion.AssertParameter$notNull.callStatic(Unknown Source)
	at org.codehaus.groovy.runtime.callsite.CallSiteArray.defaultCallStatic(CallSiteArray.java:55)
	at io.restassured.internal.common.assertion.AssertParameter$notNull.callStatic(Unknown Source)
	at io.restassured.internal.RequestSpecificationImpl.header(RequestSpecificationImpl.groovy:843)
	at Methods.createPost(Methods.java:106)
	at WrongDeletePostTest.deletePostTestWithWrongId(WrongDeletePostTest.java:26)

deletePostTestWithoutToken(WrongDeletePostTest)  Time elapsed: 0.001 sec  <<< FAILURE!
java.lang.IllegalArgumentException: Header value cannot be null
	at java.base/jdk.internal.reflect.NativeConstructorAccessorImpl.newInstance0(Native Method)
	at java.base/jdk.internal.reflect.NativeConstructorAccessorImpl.newInstance(NativeConstructorAccessorImpl.java:77)
	at java.base/jdk.internal.reflect.DelegatingConstructorAccessorImpl.newInstance(DelegatingConstructorAccessorImpl.java:45)
	at java.base/java.lang.reflect.Constructor.newInstanceWithCaller(Constructor.java:499)
	at java.base/java.lang.reflect.Constructor.newInstance(Constructor.java:480)
	at org.codehaus.groovy.reflection.CachedConstructor.invoke(CachedConstructor.java:72)
	at org.codehaus.groovy.reflection.CachedConstructor.doConstructorInvoke(CachedConstructor.java:59)
	at org.codehaus.groovy.runtime.callsite.ConstructorSite$ConstructorSiteNoUnwrap.callConstructor(ConstructorSite.java:84)
	at org.codehaus.groovy.runtime.callsite.AbstractCallSite.callConstructor(AbstractCallSite.java:277)
	at io.restassured.internal.common.assertion.AssertParameter.notNull(AssertParameter.groovy:26)
	at io.restassured.internal.common.assertion.AssertParameter$notNull.callStatic(Unknown Source)
	at io.restassured.internal.RequestSpecificationImpl.header(RequestSpecificationImpl.groovy:843)
	at Methods.createPost(Methods.java:106)
	at WrongDeletePostTest.deletePostTestWithoutToken(WrongDeletePostTest.java:44)

getPostWithPageEqual0(WrongGetPostTest)  Time elapsed: 0.208 sec  <<< FAILURE!
java.lang.NullPointerException: Cannot invoke "java.util.List.get(int)" because "codes" is null
	at WrongGetPostTest.getPostWithPageEqual0(WrongGetPostTest.java:64)

getPostWithPerPageEqual0(WrongGetPostTest)  Time elapsed: 0.208 sec  <<< FAILURE!
java.lang.NullPointerException: Cannot invoke "java.util.List.get(int)" because "codes" is null
	at WrongGetPostTest.getPostWithPerPageEqual0(WrongGetPostTest.java:82)

getPostWithoutPage(WrongGetPostTest)  Time elapsed: 0.197 sec  <<< FAILURE!
org.assertj.core.error.AssertJMultipleFailuresError: 
Multiple Failures (5 failures)
-- failure 1 --
Expecting:
 <"false">
to be equal to:
 <"true">
but was not.
at WrongGetPostTest.getPostWithPageEqual0(WrongGetPostTest.java:62)
-- failure 2 --
Expecting actual not to be null
at WrongGetPostTest.getPostWithPageEqual0(WrongGetPostTest.java:63)
-- failure 3 --
Expecting:
 <"false">
to be equal to:
 <"true">
but was not.
at WrongGetPostTest.getPostWithPerPageEqual0(WrongGetPostTest.java:80)
-- failure 4 --
Expecting actual not to be null
at WrongGetPostTest.getPostWithPerPageEqual0(WrongGetPostTest.java:81)
-- failure 5 --
Expecting ArrayList:
 <[0]>
to contain:
 <[40]>
but could not find the following element(s):
 <[40]>
at WrongGetPostTest.getPostWithoutPage(WrongGetPostTest.java:28)
	at java.base/jdk.internal.reflect.NativeConstructorAccessorImpl.newInstance0(Native Method)
	at java.base/jdk.internal.reflect.NativeConstructorAccessorImpl.newInstance(NativeConstructorAccessorImpl.java:77)
	at java.base/jdk.internal.reflect.DelegatingConstructorAccessorImpl.newInstance(DelegatingConstructorAccessorImpl.java:45)
	at java.base/java.lang.reflect.Constructor.newInstanceWithCaller(Constructor.java:499)
	at WrongGetPostTest.getPostWithoutPage(WrongGetPostTest.java:30)

getPostWithoutPerPage(WrongGetPostTest)  Time elapsed: 0.216 sec  <<< FAILURE!
org.assertj.core.error.AssertJMultipleFailuresError: 
Multiple Failures (6 failures)
-- failure 1 --
Expecting:
 <"false">
to be equal to:
 <"true">
but was not.
at WrongGetPostTest.getPostWithPageEqual0(WrongGetPostTest.java:62)
-- failure 2 --
Expecting actual not to be null
at WrongGetPostTest.getPostWithPageEqual0(WrongGetPostTest.java:63)
-- failure 3 --
Expecting:
 <"false">
to be equal to:
 <"true">
but was not.
at WrongGetPostTest.getPostWithPerPageEqual0(WrongGetPostTest.java:80)
-- failure 4 --
Expecting actual not to be null
at WrongGetPostTest.getPostWithPerPageEqual0(WrongGetPostTest.java:81)
-- failure 5 --
Expecting ArrayList:
 <[0]>
to contain:
 <[40]>
but could not find the following element(s):
 <[40]>
at WrongGetPostTest.getPostWithoutPage(WrongGetPostTest.java:28)
-- failure 6 --
Expecting ArrayList:
 <[0]>
to contain:
 <[41]>
but could not find the following element(s):
 <[41]>
at WrongGetPostTest.getPostWithoutPerPage(WrongGetPostTest.java:45)
	at java.base/jdk.internal.reflect.NativeConstructorAccessorImpl.newInstance0(Native Method)
	at java.base/jdk.internal.reflect.NativeConstructorAccessorImpl.newInstance(NativeConstructorAccessorImpl.java:77)
	at java.base/jdk.internal.reflect.DelegatingConstructorAccessorImpl.newInstance(DelegatingConstructorAccessorImpl.java:45)
	at java.base/java.lang.reflect.Constructor.newInstanceWithCaller(Constructor.java:499)
	at WrongGetPostTest.getPostWithoutPerPage(WrongGetPostTest.java:47)

regWithoutPassword(WrongRegistrationTest)  Time elapsed: 0.199 sec  <<< FAILURE!
org.assertj.core.error.AssertJMultipleFailuresError: 
Multiple Failures (1 failure)
-- failure 1 --
Expecting ArrayList:
 <[30]>
to contain:
 <[25]>
but could not find the following element(s):
 <[25]>
at WrongRegistrationTest.regWithoutPassword(WrongRegistrationTest.java:84)
	at java.base/jdk.internal.reflect.NativeConstructorAccessorImpl.newInstance0(Native Method)
	at java.base/jdk.internal.reflect.NativeConstructorAccessorImpl.newInstance(NativeConstructorAccessorImpl.java:77)
	at java.base/jdk.internal.reflect.DelegatingConstructorAccessorImpl.newInstance(DelegatingConstructorAccessorImpl.java:45)
	at java.base/java.lang.reflect.Constructor.newInstanceWithCaller(Constructor.java:499)
	at WrongRegistrationTest.regWithoutPassword(WrongRegistrationTest.java:86)

regWithoutRole(WrongRegistrationTest)  Time elapsed: 0.557 sec  <<< FAILURE!
org.assertj.core.error.AssertJMultipleFailuresError: 
Multiple Failures (1 failure)
-- failure 1 --
Expecting ArrayList:
 <[30]>
to contain:
 <[25]>
but could not find the following element(s):
 <[25]>
at WrongRegistrationTest.regWithoutPassword(WrongRegistrationTest.java:84)
	at java.base/jdk.internal.reflect.NativeConstructorAccessorImpl.newInstance0(Native Method)
	at java.base/jdk.internal.reflect.NativeConstructorAccessorImpl.newInstance(NativeConstructorAccessorImpl.java:77)
	at java.base/jdk.internal.reflect.DelegatingConstructorAccessorImpl.newInstance(DelegatingConstructorAccessorImpl.java:45)
	at java.base/java.lang.reflect.Constructor.newInstanceWithCaller(Constructor.java:499)
	at WrongRegistrationTest.regWithoutRole(WrongRegistrationTest.java:99)

changePostTest(ChangePostTest)  Time elapsed: 0 sec  <<< FAILURE!
java.lang.IllegalArgumentException: Header value cannot be null
	at java.base/jdk.internal.reflect.NativeConstructorAccessorImpl.newInstance0(Native Method)
	at java.base/jdk.internal.reflect.NativeConstructorAccessorImpl.newInstance(NativeConstructorAccessorImpl.java:77)
	at java.base/jdk.internal.reflect.DelegatingConstructorAccessorImpl.newInstance(DelegatingConstructorAccessorImpl.java:45)
	at java.base/java.lang.reflect.Constructor.newInstanceWithCaller(Constructor.java:499)
	at java.base/java.lang.reflect.Constructor.newInstance(Constructor.java:480)
	at org.codehaus.groovy.reflection.CachedConstructor.invoke(CachedConstructor.java:72)
	at org.codehaus.groovy.reflection.CachedConstructor.doConstructorInvoke(CachedConstructor.java:59)
	at org.codehaus.groovy.runtime.callsite.ConstructorSite$ConstructorSiteNoUnwrap.callConstructor(ConstructorSite.java:84)
	at org.codehaus.groovy.runtime.callsite.AbstractCallSite.callConstructor(AbstractCallSite.java:277)
	at io.restassured.internal.common.assertion.AssertParameter.notNull(AssertParameter.groovy:26)
	at io.restassured.internal.common.assertion.AssertParameter$notNull.callStatic(Unknown Source)
	at org.codehaus.groovy.runtime.callsite.CallSiteArray.defaultCallStatic(CallSiteArray.java:55)
	at io.restassured.internal.common.assertion.AssertParameter$notNull.callStatic(Unknown Source)
	at io.restassured.internal.RequestSpecificationImpl.header(RequestSpecificationImpl.groovy:843)
	at Methods.createPost(Methods.java:106)
	at ChangePostTest.changePostTest(ChangePostTest.java:19)

createPost(WrongGetSpecificPostTest)  Time elapsed: 0.001 sec  <<< FAILURE!
java.lang.NullPointerException: Cannot invoke "io.restassured.response.Response.jsonPath()" because "this.response" is null
	at GetPostTest.createPost(GetPostTest.java:21)
	at java.base/jdk.internal.reflect.NativeMethodAccessorImpl.invoke0(Native Method)
	at java.base/jdk.internal.reflect.NativeMethodAccessorImpl.invoke(NativeMethodAccessorImpl.java:77)
	at java.base/jdk.internal.reflect.DelegatingMethodAccessorImpl.invoke(DelegatingMethodAccessorImpl.java:43)
	at java.base/java.lang.reflect.Method.invoke(Method.java:568)
	at org.testng.internal.MethodInvocationHelper.invokeMethod(MethodInvocationHelper.java:133)
	at org.testng.internal.MethodInvocationHelper.invokeMethodConsideringTimeout(MethodInvocationHelper.java:62)
	at org.testng.internal.ConfigInvoker.invokeConfigurationMethod(ConfigInvoker.java:385)
	at org.testng.internal.ConfigInvoker.invokeConfigurations(ConfigInvoker.java:321)
	at org.testng.internal.TestInvoker.runConfigMethods(TestInvoker.java:700)
	at org.testng.internal.TestInvoker.invokeMethod(TestInvoker.java:527)
	at org.testng.internal.TestInvoker.invokeTestMethod(TestInvoker.java:173)
	at org.testng.internal.MethodRunner.runInSequence(MethodRunner.java:46)
	at org.testng.internal.TestInvoker$MethodInvocationAgent.invoke(TestInvoker.java:824)
	at org.testng.internal.TestInvoker.invokeTestMethods(TestInvoker.java:146)
	at org.testng.internal.TestMethodWorker.invokeTestMethods(TestMethodWorker.java:146)
	at org.testng.internal.TestMethodWorker.run(TestMethodWorker.java:128)
	at java.base/java.util.ArrayList.forEach(ArrayList.java:1511)
	at org.testng.TestRunner.privateRun(TestRunner.java:794)
	at org.testng.TestRunner.run(TestRunner.java:596)
	at org.testng.SuiteRunner.runTest(SuiteRunner.java:377)
	at org.testng.SuiteRunner.runSequentially(SuiteRunner.java:371)
	at org.testng.SuiteRunner.privateRun(SuiteRunner.java:332)
	at org.testng.SuiteRunner.run(SuiteRunner.java:276)
	at org.testng.SuiteRunnerWorker.runSuite(SuiteRunnerWorker.java:53)
	at org.testng.SuiteRunnerWorker.run(SuiteRunnerWorker.java:96)
	at org.testng.TestNG.runSuitesSequentially(TestNG.java:1212)
	at org.testng.TestNG.runSuitesLocally(TestNG.java:1134)
	at org.testng.TestNG.runSuites(TestNG.java:1063)
	at org.testng.TestNG.run(TestNG.java:1031)
	at org.apache.maven.surefire.testng.TestNGExecutor.run(TestNGExecutor.java:77)
	at org.apache.maven.surefire.testng.TestNGDirectoryTestSuite.executeMulti(TestNGDirectoryTestSuite.java:159)
	at org.apache.maven.surefire.testng.TestNGDirectoryTestSuite.execute(TestNGDirectoryTestSuite.java:99)
	at org.apache.maven.surefire.testng.TestNGProvider.invoke(TestNGProvider.java:106)
	at java.base/jdk.internal.reflect.NativeMethodAccessorImpl.invoke0(Native Method)
	at java.base/jdk.internal.reflect.NativeMethodAccessorImpl.invoke(NativeMethodAccessorImpl.java:77)
	at java.base/jdk.internal.reflect.DelegatingMethodAccessorImpl.invoke(DelegatingMethodAccessorImpl.java:43)
	at java.base/java.lang.reflect.Method.invoke(Method.java:568)
	at org.apache.maven.surefire.util.ReflectionUtils.invokeMethodWithArray(ReflectionUtils.java:189)
	at org.apache.maven.surefire.booter.ProviderFactory$ProviderProxy.invoke(ProviderFactory.java:165)
	at org.apache.maven.surefire.booter.ProviderFactory.invokeProvider(ProviderFactory.java:85)
	at org.apache.maven.surefire.booter.ForkedBooter.runSuitesInProcess(ForkedBooter.java:115)
	at org.apache.maven.surefire.booter.ForkedBooter.main(ForkedBooter.java:75)

changeUserInfoSuccess(ChangeUserInfoTest)  Time elapsed: 0 sec  <<< FAILURE!
java.lang.NullPointerException: Cannot invoke "io.restassured.response.Response.jsonPath()" because "this.response" is null
	at ChangeUserInfoTest.changeUserInfoSuccess(ChangeUserInfoTest.java:12)

wrongChangePostTestWithEmptyDescription(WrongChangePostTest)  Time elapsed: 0.012 sec  <<< FAILURE!
java.lang.IllegalArgumentException: Header value cannot be null
	at java.base/jdk.internal.reflect.NativeConstructorAccessorImpl.newInstance0(Native Method)
	at java.base/jdk.internal.reflect.NativeConstructorAccessorImpl.newInstance(NativeConstructorAccessorImpl.java:77)
	at java.base/jdk.internal.reflect.DelegatingConstructorAccessorImpl.newInstance(DelegatingConstructorAccessorImpl.java:45)
	at java.base/java.lang.reflect.Constructor.newInstanceWithCaller(Constructor.java:499)
	at java.base/java.lang.reflect.Constructor.newInstance(Constructor.java:480)
	at org.codehaus.groovy.reflection.CachedConstructor.invoke(CachedConstructor.java:72)
	at org.codehaus.groovy.reflection.CachedConstructor.doConstructorInvoke(CachedConstructor.java:59)
	at org.codehaus.groovy.runtime.callsite.ConstructorSite$ConstructorSiteNoUnwrap.callConstructor(ConstructorSite.java:84)
	at org.codehaus.groovy.runtime.callsite.AbstractCallSite.callConstructor(AbstractCallSite.java:277)
	at io.restassured.internal.common.assertion.AssertParameter.notNull(AssertParameter.groovy:26)
	at io.restassured.internal.common.assertion.AssertParameter$notNull.callStatic(Unknown Source)
	at org.codehaus.groovy.runtime.callsite.CallSiteArray.defaultCallStatic(CallSiteArray.java:55)
	at io.restassured.internal.common.assertion.AssertParameter$notNull.callStatic(Unknown Source)
	at io.restassured.internal.RequestSpecificationImpl.header(RequestSpecificationImpl.groovy:843)
	at Methods.createPost(Methods.java:106)
	at WrongChangePostTest.wrongChangePostTestWithEmptyDescription(WrongChangePostTest.java:130)

wrongChangePostTestWithEmptyTags(WrongChangePostTest)  Time elapsed: 0 sec  <<< FAILURE!
java.lang.IllegalArgumentException: Header value cannot be null
	at java.base/jdk.internal.reflect.NativeConstructorAccessorImpl.newInstance0(Native Method)
	at java.base/jdk.internal.reflect.NativeConstructorAccessorImpl.newInstance(NativeConstructorAccessorImpl.java:77)
	at java.base/jdk.internal.reflect.DelegatingConstructorAccessorImpl.newInstance(DelegatingConstructorAccessorImpl.java:45)
	at java.base/java.lang.reflect.Constructor.newInstanceWithCaller(Constructor.java:499)
	at java.base/java.lang.reflect.Constructor.newInstance(Constructor.java:480)
	at org.codehaus.groovy.reflection.CachedConstructor.invoke(CachedConstructor.java:72)
	at org.codehaus.groovy.reflection.CachedConstructor.doConstructorInvoke(CachedConstructor.java:59)
	at org.codehaus.groovy.runtime.callsite.ConstructorSite$ConstructorSiteNoUnwrap.callConstructor(ConstructorSite.java:84)
	at org.codehaus.groovy.runtime.callsite.AbstractCallSite.callConstructor(AbstractCallSite.java:277)
	at io.restassured.internal.common.assertion.AssertParameter.notNull(AssertParameter.groovy:26)
	at io.restassured.internal.common.assertion.AssertParameter$notNull.callStatic(Unknown Source)
	at io.restassured.internal.RequestSpecificationImpl.header(RequestSpecificationImpl.groovy:843)
	at Methods.createPost(Methods.java:106)
	at WrongChangePostTest.wrongChangePostTestWithEmptyTags(WrongChangePostTest.java:170)

wrongChangePostTestWithEmptyTitle(WrongChangePostTest)  Time elapsed: 0 sec  <<< FAILURE!
java.lang.IllegalArgumentException: Header value cannot be null
	at java.base/jdk.internal.reflect.NativeConstructorAccessorImpl.newInstance0(Native Method)
	at java.base/jdk.internal.reflect.NativeConstructorAccessorImpl.newInstance(NativeConstructorAccessorImpl.java:77)
	at java.base/jdk.internal.reflect.DelegatingConstructorAccessorImpl.newInstance(DelegatingConstructorAccessorImpl.java:45)
	at java.base/java.lang.reflect.Constructor.newInstanceWithCaller(Constructor.java:499)
	at java.base/java.lang.reflect.Constructor.newInstance(Constructor.java:480)
	at org.codehaus.groovy.reflection.CachedConstructor.invoke(CachedConstructor.java:72)
	at org.codehaus.groovy.reflection.CachedConstructor.doConstructorInvoke(CachedConstructor.java:59)
	at org.codehaus.groovy.runtime.callsite.ConstructorSite$ConstructorSiteNoUnwrap.callConstructor(ConstructorSite.java:84)
	at org.codehaus.groovy.runtime.callsite.AbstractCallSite.callConstructor(AbstractCallSite.java:277)
	at io.restassured.internal.common.assertion.AssertParameter.notNull(AssertParameter.groovy:26)
	at io.restassured.internal.common.assertion.AssertParameter$notNull.callStatic(Unknown Source)
	at io.restassured.internal.RequestSpecificationImpl.header(RequestSpecificationImpl.groovy:843)
	at Methods.createPost(Methods.java:106)
	at WrongChangePostTest.wrongChangePostTestWithEmptyTitle(WrongChangePostTest.java:150)

wrongChangePostTestWithWrongId(WrongChangePostTest)  Time elapsed: 0 sec  <<< FAILURE!
java.lang.IllegalArgumentException: Header value cannot be null
	at java.base/jdk.internal.reflect.NativeConstructorAccessorImpl.newInstance0(Native Method)
	at java.base/jdk.internal.reflect.NativeConstructorAccessorImpl.newInstance(NativeConstructorAccessorImpl.java:77)
	at java.base/jdk.internal.reflect.DelegatingConstructorAccessorImpl.newInstance(DelegatingConstructorAccessorImpl.java:45)
	at java.base/java.lang.reflect.Constructor.newInstanceWithCaller(Constructor.java:499)
	at java.base/java.lang.reflect.Constructor.newInstance(Constructor.java:480)
	at org.codehaus.groovy.reflection.CachedConstructor.invoke(CachedConstructor.java:72)
	at org.codehaus.groovy.reflection.CachedConstructor.doConstructorInvoke(CachedConstructor.java:59)
	at org.codehaus.groovy.runtime.callsite.ConstructorSite$ConstructorSiteNoUnwrap.callConstructor(ConstructorSite.java:84)
	at org.codehaus.groovy.runtime.callsite.AbstractCallSite.callConstructor(AbstractCallSite.java:277)
	at io.restassured.internal.common.assertion.AssertParameter.notNull(AssertParameter.groovy:26)
	at io.restassured.internal.common.assertion.AssertParameter$notNull.callStatic(Unknown Source)
	at io.restassured.internal.RequestSpecificationImpl.header(RequestSpecificationImpl.groovy:843)
	at Methods.createPost(Methods.java:106)
	at WrongChangePostTest.wrongChangePostTestWithWrongId(WrongChangePostTest.java:113)

wrongChangePostTestWithoutDescription(WrongChangePostTest)  Time elapsed: 0 sec  <<< FAILURE!
java.lang.IllegalArgumentException: Header value cannot be null
	at java.base/jdk.internal.reflect.NativeConstructorAccessorImpl.newInstance0(Native Method)
	at java.base/jdk.internal.reflect.NativeConstructorAccessorImpl.newInstance(NativeConstructorAccessorImpl.java:77)
	at java.base/jdk.internal.reflect.DelegatingConstructorAccessorImpl.newInstance(DelegatingConstructorAccessorImpl.java:45)
	at java.base/java.lang.reflect.Constructor.newInstanceWithCaller(Constructor.java:499)
	at java.base/java.lang.reflect.Constructor.newInstance(Constructor.java:480)
	at org.codehaus.groovy.reflection.CachedConstructor.invoke(CachedConstructor.java:72)
	at org.codehaus.groovy.reflection.CachedConstructor.doConstructorInvoke(CachedConstructor.java:59)
	at org.codehaus.groovy.runtime.callsite.ConstructorSite$ConstructorSiteNoUnwrap.callConstructor(ConstructorSite.java:84)
	at org.codehaus.groovy.runtime.callsite.AbstractCallSite.callConstructor(AbstractCallSite.java:277)
	at io.restassured.internal.common.assertion.AssertParameter.notNull(AssertParameter.groovy:26)
	at io.restassured.internal.common.assertion.AssertParameter$notNull.callStatic(Unknown Source)
	at io.restassured.internal.RequestSpecificationImpl.header(RequestSpecificationImpl.groovy:843)
	at Methods.createPost(Methods.java:106)
	at WrongChangePostTest.wrongChangePostTestWithoutDescription(WrongChangePostTest.java:29)

wrongChangePostTestWithoutImage(WrongChangePostTest)  Time elapsed: 0 sec  <<< FAILURE!
java.lang.IllegalArgumentException: Header value cannot be null
	at java.base/jdk.internal.reflect.NativeConstructorAccessorImpl.newInstance0(Native Method)
	at java.base/jdk.internal.reflect.NativeConstructorAccessorImpl.newInstance(NativeConstructorAccessorImpl.java:77)
	at java.base/jdk.internal.reflect.DelegatingConstructorAccessorImpl.newInstance(DelegatingConstructorAccessorImpl.java:45)
	at java.base/java.lang.reflect.Constructor.newInstanceWithCaller(Constructor.java:499)
	at java.base/java.lang.reflect.Constructor.newInstance(Constructor.java:480)
	at org.codehaus.groovy.reflection.CachedConstructor.invoke(CachedConstructor.java:72)
	at org.codehaus.groovy.reflection.CachedConstructor.doConstructorInvoke(CachedConstructor.java:59)
	at org.codehaus.groovy.runtime.callsite.ConstructorSite$ConstructorSiteNoUnwrap.callConstructor(ConstructorSite.java:84)
	at org.codehaus.groovy.runtime.callsite.AbstractCallSite.callConstructor(AbstractCallSite.java:277)
	at io.restassured.internal.common.assertion.AssertParameter.notNull(AssertParameter.groovy:26)
	at io.restassured.internal.common.assertion.AssertParameter$notNull.callStatic(Unknown Source)
	at io.restassured.internal.RequestSpecificationImpl.header(RequestSpecificationImpl.groovy:843)
	at Methods.createPost(Methods.java:106)
	at WrongChangePostTest.wrongChangePostTestWithoutImage(WrongChangePostTest.java:49)

wrongChangePostTestWithoutTitle(WrongChangePostTest)  Time elapsed: 0 sec  <<< FAILURE!
java.lang.IllegalArgumentException: Header value cannot be null
	at java.base/jdk.internal.reflect.NativeConstructorAccessorImpl.newInstance0(Native Method)
	at java.base/jdk.internal.reflect.NativeConstructorAccessorImpl.newInstance(NativeConstructorAccessorImpl.java:77)
	at java.base/jdk.internal.reflect.DelegatingConstructorAccessorImpl.newInstance(DelegatingConstructorAccessorImpl.java:45)
	at java.base/java.lang.reflect.Constructor.newInstanceWithCaller(Constructor.java:499)
	at java.base/java.lang.reflect.Constructor.newInstance(Constructor.java:480)
	at org.codehaus.groovy.reflection.CachedConstructor.invoke(CachedConstructor.java:72)
	at org.codehaus.groovy.reflection.CachedConstructor.doConstructorInvoke(CachedConstructor.java:59)
	at org.codehaus.groovy.runtime.callsite.ConstructorSite$ConstructorSiteNoUnwrap.callConstructor(ConstructorSite.java:84)
	at org.codehaus.groovy.runtime.callsite.AbstractCallSite.callConstructor(AbstractCallSite.java:277)
	at io.restassured.internal.common.assertion.AssertParameter.notNull(AssertParameter.groovy:26)
	at io.restassured.internal.common.assertion.AssertParameter$notNull.callStatic(Unknown Source)
	at io.restassured.internal.RequestSpecificationImpl.header(RequestSpecificationImpl.groovy:843)
	at Methods.createPost(Methods.java:106)
	at WrongChangePostTest.wrongChangePostTestWithoutTitle(WrongChangePostTest.java:69)

wrongChangePostTestWithoutToken(WrongChangePostTest)  Time elapsed: 0 sec  <<< FAILURE!
java.lang.IllegalArgumentException: Header value cannot be null
	at java.base/jdk.internal.reflect.NativeConstructorAccessorImpl.newInstance0(Native Method)
	at java.base/jdk.internal.reflect.NativeConstructorAccessorImpl.newInstance(NativeConstructorAccessorImpl.java:77)
	at java.base/jdk.internal.reflect.DelegatingConstructorAccessorImpl.newInstance(DelegatingConstructorAccessorImpl.java:45)
	at java.base/java.lang.reflect.Constructor.newInstanceWithCaller(Constructor.java:499)
	at java.base/java.lang.reflect.Constructor.newInstance(Constructor.java:480)
	at org.codehaus.groovy.reflection.CachedConstructor.invoke(CachedConstructor.java:72)
	at org.codehaus.groovy.reflection.CachedConstructor.doConstructorInvoke(CachedConstructor.java:59)
	at org.codehaus.groovy.runtime.callsite.ConstructorSite$ConstructorSiteNoUnwrap.callConstructor(ConstructorSite.java:84)
	at org.codehaus.groovy.runtime.callsite.AbstractCallSite.callConstructor(AbstractCallSite.java:277)
	at io.restassured.internal.common.assertion.AssertParameter.notNull(AssertParameter.groovy:26)
	at io.restassured.internal.common.assertion.AssertParameter$notNull.callStatic(Unknown Source)
	at io.restassured.internal.RequestSpecificationImpl.header(RequestSpecificationImpl.groovy:843)
	at Methods.createPost(Methods.java:106)
	at WrongChangePostTest.wrongChangePostTestWithoutToken(WrongChangePostTest.java:88)

